-- Found ament_cmake: 1.3.12 (/opt/ros/humble/share/ament_cmake/cmake)
-- Found rclcpp: 16.0.16 (/opt/ros/humble/share/rclcpp/cmake)
-- Found rosidl_generator_c: 3.1.7 (/opt/ros/humble/share/rosidl_generator_c/cmake)
-- Found rosidl_adapter: 3.1.7 (/opt/ros/humble/share/rosidl_adapter/cmake)
-- Found rosidl_generator_cpp: 3.1.7 (/opt/ros/humble/share/rosidl_generator_cpp/cmake)
-- Using all available rosidl_typesupport_c: rosidl_typesupport_fastrtps_c;rosidl_typesupport_introspection_c
-- Using all available rosidl_typesupport_cpp: rosidl_typesupport_fastrtps_cpp;rosidl_typesupport_introspection_cpp
-- Found rmw_implementation_cmake: 6.1.2 (/opt/ros/humble/share/rmw_implementation_cmake/cmake)
-- Found rmw_fastrtps_cpp: 6.2.9 (/opt/ros/humble/share/rmw_fastrtps_cpp/cmake)
-- Using RMW implementation 'rmw_fastrtps_cpp' as default
-- Found ament_lint_auto: 0.12.14 (/opt/ros/humble/share/ament_lint_auto/cmake)
-- Added test 'cppcheck' to perform static code analysis on C / C++ code
-- Configured cppcheck include dirs: $<BUILD_INTERFACE:/home/yzh/Ê°åÈù¢/project-ros/ros-study/chapt2/ws_ros/src/pkg01_helloworld_cpp/include>
-- Configured cppcheck exclude dirs and/or files: 
-- Added test 'lint_cmake' to check CMake code style
-- Added test 'uncrustify' to check C / C++ code style
-- Configured uncrustify additional arguments: 
-- Added test 'xmllint' to check XML markup files
-- Configuring done
-- Generating done
-- Build files have been written to: /home/yzh/Ê°åÈù¢/project-ros/ros-study/chapt2/ws_ros/build/pkg01_helloworld_cpp
[35m[1mConsolidate compiler generated dependencies of target learn_shared[0m
[35m[1mConsolidate compiler generated dependencies of target learn_lambda[0m
[35m[1mConsolidate compiler generated dependencies of target helloworld[0m
[35m[1mConsolidate compiler generated dependencies of target person_node[0m
[35m[1mConsolidate compiler generated dependencies of target learn_cpp[0m
[  8%] [32mBuilding CXX object CMakeFiles/learn_functional.dir/src/learn_functional.cpp.o[0m
[ 25%] Built target learn_shared
[ 41%] Built target learn_cpp
[ 58%] Built target learn_lambda
[ 75%] Built target helloworld
[ 91%] Built target person_node
[01m[K/home/yzh/Ê°åÈù¢/project-ros/ros-study/chapt2/ws_ros/src/pkg01_helloworld_cpp/src/learn_functional.cpp:[m[K In function ‚Äò[01m[Kint main(int, char**)[m[K‚Äô:
[01m[K/home/yzh/Ê°åÈù¢/project-ros/ros-study/chapt2/ws_ros/src/pkg01_helloworld_cpp/src/learn_functional.cpp:21:14:[m[K [01;35m[Kwarning: [m[Kunused parameter ‚Äò[01m[Kargc[m[K‚Äô [[01;35m[K]8;;https://gcc.gnu.org/onlinedocs/gcc/Warning-Options.html#index-Wunused-parameter-Wunused-parameter]8;;[m[K]
   21 | int main([01;35m[Kint argc[m[K,char **argv){
      |          [01;35m[K~~~~^~~~[m[K
[01m[K/home/yzh/Ê°åÈù¢/project-ros/ros-study/chapt2/ws_ros/src/pkg01_helloworld_cpp/src/learn_functional.cpp:21:26:[m[K [01;35m[Kwarning: [m[Kunused parameter ‚Äò[01m[Kargv[m[K‚Äô [[01;35m[K]8;;https://gcc.gnu.org/onlinedocs/gcc/Warning-Options.html#index-Wunused-parameter-Wunused-parameter]8;;[m[K]
   21 | int main(int argc,[01;35m[Kchar **argv[m[K){
      |                   [01;35m[K~~~~~~~^~~~[m[K
[100%] [32m[1mLinking CXX executable learn_functional[0m
/usr/bin/ld: CMakeFiles/learn_functional.dir/src/learn_functional.cpp.o: in function `main':
learn_functional.cpp:(.text+0xcb): undefined reference to `FileSave::FileSave()'
/usr/bin/ld: learn_functional.cpp:(.text+0x14c): undefined reference to `FileSave::~FileSave()'
/usr/bin/ld: learn_functional.cpp:(.text+0x193): undefined reference to `FileSave::~FileSave()'
collect2: error: ld returned 1 exit status
gmake[2]: *** [CMakeFiles/learn_functional.dir/build.make:97Ôºölearn_functional] ÈîôËØØ 1
gmake[1]: *** [CMakeFiles/Makefile2:277ÔºöCMakeFiles/learn_functional.dir/all] ÈîôËØØ 2
gmake: *** [Makefile:146Ôºöall] ÈîôËØØ 2
