[0.009s] Invoking command in '/home/yzh/Ê°åÈù¢/project-ros/ros-study/chapt2/ws_ros/build/pkg01_helloworld_cpp': CMAKE_PREFIX_PATH=${CMAKE_PREFIX_PATH}:/opt/ros/humble /usr/bin/cmake --build /home/yzh/Ê°åÈù¢/project-ros/ros-study/chapt2/ws_ros/build/pkg01_helloworld_cpp -- -j16 -l16
[0.027s] -- Found ament_cmake: 1.3.12 (/opt/ros/humble/share/ament_cmake/cmake)
[0.105s] -- Found rclcpp: 16.0.16 (/opt/ros/humble/share/rclcpp/cmake)
[0.123s] -- Found rosidl_generator_c: 3.1.7 (/opt/ros/humble/share/rosidl_generator_c/cmake)
[0.125s] -- Found rosidl_adapter: 3.1.7 (/opt/ros/humble/share/rosidl_adapter/cmake)
[0.129s] -- Found rosidl_generator_cpp: 3.1.7 (/opt/ros/humble/share/rosidl_generator_cpp/cmake)
[0.134s] -- Using all available rosidl_typesupport_c: rosidl_typesupport_fastrtps_c;rosidl_typesupport_introspection_c
[0.142s] -- Using all available rosidl_typesupport_cpp: rosidl_typesupport_fastrtps_cpp;rosidl_typesupport_introspection_cpp
[0.160s] -- Found rmw_implementation_cmake: 6.1.2 (/opt/ros/humble/share/rmw_implementation_cmake/cmake)
[0.161s] -- Found rmw_fastrtps_cpp: 6.2.9 (/opt/ros/humble/share/rmw_fastrtps_cpp/cmake)
[0.224s] -- Using RMW implementation 'rmw_fastrtps_cpp' as default
[0.252s] -- Found ament_lint_auto: 0.12.14 (/opt/ros/humble/share/ament_lint_auto/cmake)
[0.294s] -- Added test 'cppcheck' to perform static code analysis on C / C++ code
[0.294s] -- Configured cppcheck include dirs: $<BUILD_INTERFACE:/home/yzh/Ê°åÈù¢/project-ros/ros-study/chapt2/ws_ros/src/pkg01_helloworld_cpp/include>
[0.294s] -- Configured cppcheck exclude dirs and/or files: 
[0.295s] -- Added test 'lint_cmake' to check CMake code style
[0.297s] -- Added test 'uncrustify' to check C / C++ code style
[0.297s] -- Configured uncrustify additional arguments: 
[0.297s] -- Added test 'xmllint' to check XML markup files
[0.298s] -- Configuring done
[0.310s] -- Generating done
[0.314s] -- Build files have been written to: /home/yzh/Ê°åÈù¢/project-ros/ros-study/chapt2/ws_ros/build/pkg01_helloworld_cpp
[0.336s] [35m[1mConsolidate compiler generated dependencies of target learn_shared[0m
[0.336s] [35m[1mConsolidate compiler generated dependencies of target learn_lambda[0m
[0.336s] [35m[1mConsolidate compiler generated dependencies of target helloworld[0m
[0.336s] [35m[1mConsolidate compiler generated dependencies of target person_node[0m
[0.337s] [35m[1mConsolidate compiler generated dependencies of target learn_cpp[0m
[0.345s] [  8%] [32mBuilding CXX object CMakeFiles/learn_functional.dir/src/learn_functional.cpp.o[0m
[0.346s] [ 25%] Built target learn_shared
[0.347s] [ 41%] Built target learn_cpp
[0.349s] [ 58%] Built target learn_lambda
[0.350s] [ 75%] Built target helloworld
[0.352s] [ 91%] Built target person_node
[0.527s] [01m[K/home/yzh/Ê°åÈù¢/project-ros/ros-study/chapt2/ws_ros/src/pkg01_helloworld_cpp/src/learn_functional.cpp:[m[K In function ‚Äò[01m[Kint main(int, char**)[m[K‚Äô:
[0.527s] [01m[K/home/yzh/Ê°åÈù¢/project-ros/ros-study/chapt2/ws_ros/src/pkg01_helloworld_cpp/src/learn_functional.cpp:21:14:[m[K [01;35m[Kwarning: [m[Kunused parameter ‚Äò[01m[Kargc[m[K‚Äô [[01;35m[K]8;;https://gcc.gnu.org/onlinedocs/gcc/Warning-Options.html#index-Wunused-parameter-Wunused-parameter]8;;[m[K]
[0.527s]    21 | int main([01;35m[Kint argc[m[K,char **argv){
[0.527s]       |          [01;35m[K~~~~^~~~[m[K
[0.527s] [01m[K/home/yzh/Ê°åÈù¢/project-ros/ros-study/chapt2/ws_ros/src/pkg01_helloworld_cpp/src/learn_functional.cpp:21:26:[m[K [01;35m[Kwarning: [m[Kunused parameter ‚Äò[01m[Kargv[m[K‚Äô [[01;35m[K]8;;https://gcc.gnu.org/onlinedocs/gcc/Warning-Options.html#index-Wunused-parameter-Wunused-parameter]8;;[m[K]
[0.527s]    21 | int main(int argc,[01;35m[Kchar **argv[m[K){
[0.527s]       |                   [01;35m[K~~~~~~~^~~~[m[K
[0.563s] [100%] [32m[1mLinking CXX executable learn_functional[0m
[0.600s] /usr/bin/ld: CMakeFiles/learn_functional.dir/src/learn_functional.cpp.o: in function `main':
[0.612s] learn_functional.cpp:(.text+0xcb): undefined reference to `FileSave::FileSave()'
[0.612s] /usr/bin/ld: learn_functional.cpp:(.text+0x14c): undefined reference to `FileSave::~FileSave()'
[0.612s] /usr/bin/ld: learn_functional.cpp:(.text+0x193): undefined reference to `FileSave::~FileSave()'
[0.614s] collect2: error: ld returned 1 exit status
[0.616s] gmake[2]: *** [CMakeFiles/learn_functional.dir/build.make:97Ôºölearn_functional] ÈîôËØØ 1
[0.616s] gmake[1]: *** [CMakeFiles/Makefile2:277ÔºöCMakeFiles/learn_functional.dir/all] ÈîôËØØ 2
[0.617s] gmake: *** [Makefile:146Ôºöall] ÈîôËØØ 2
[0.621s] Invoked command in '/home/yzh/Ê°åÈù¢/project-ros/ros-study/chapt2/ws_ros/build/pkg01_helloworld_cpp' returned '2': CMAKE_PREFIX_PATH=${CMAKE_PREFIX_PATH}:/opt/ros/humble /usr/bin/cmake --build /home/yzh/Ê°åÈù¢/project-ros/ros-study/chapt2/ws_ros/build/pkg01_helloworld_cpp -- -j16 -l16
