[0.075s] Invoking command in '/home/yzh/chapt4/build/demo_cpp_service': CMAKE_PREFIX_PATH=/home/yzh/chapt4/install/chapt4_interfaces:/home/yzh/chapt4/install/demo_cpp_service:/opt/ros/humble /usr/bin/cmake --build /home/yzh/chapt4/build/demo_cpp_service -- -j16 -l16
[0.293s] [35m[1mConsolidate compiler generated dependencies of target partol_client[0m
[0.348s] [ 50%] Built target turtle_control
[0.372s] [ 75%] [32mBuilding CXX object CMakeFiles/partol_client.dir/src/Partol_Client.cpp.o[0m
[0.408s] [01m[Kcc1plus:[m[K [01;31m[Kfatal error: [m[K/home/yzh/chapt4/src/demo_cpp_service/src/Partol_Client.cpp: æ²¡æœ‰é‚£ä¸ªæ–‡ä»¶æˆ–ç›®å½•
[0.408s] compilation terminated.
[0.408s] gmake[2]: *** [CMakeFiles/partol_client.dir/build.make:76ï¼šCMakeFiles/partol_client.dir/src/Partol_Client.cpp.o] é”™è¯¯ 1
[0.409s] gmake[1]: *** [CMakeFiles/Makefile2:165ï¼šCMakeFiles/partol_client.dir/all] é”™è¯¯ 2
[0.410s] gmake: *** [Makefile:146ï¼šall] é”™è¯¯ 2
[0.420s] Invoked command in '/home/yzh/chapt4/build/demo_cpp_service' returned '2': CMAKE_PREFIX_PATH=/home/yzh/chapt4/install/chapt4_interfaces:/home/yzh/chapt4/install/demo_cpp_service:/opt/ros/humble /usr/bin/cmake --build /home/yzh/chapt4/build/demo_cpp_service -- -j16 -l16
