[01m[K/home/yzh/Ê°åÈù¢/project-ros/ros-study/chapt3/ws_topic/src/demo_cpp_topic/src/turtle_description.cpp:[m[K In member function ‚Äò[01m[Kvoid TurtleCircleNode::on_pose_received(turtlesim::msg::Pose_<std::allocator<void> >::SharedPtr)[m[K‚Äô:
[01m[K/home/yzh/Ê°åÈù¢/project-ros/ros-study/chapt3/ws_topic/src/demo_cpp_topic/src/turtle_description.cpp:30:39:[m[K [01;31m[Kerror: [m[K‚Äò[01m[Kusing element_type = struct turtlesim::msg::Pose_<std::allocator<void> >[m[K‚Äô {aka ‚Äò[01m[Kstruct turtlesim::msg::Pose_<std::allocator<void> >[m[K‚Äô} has no member named ‚Äò[01m[Ky_[m[K‚Äô; did you mean ‚Äò[01m[Ky[m[K‚Äô?
   30 |             if(x_!=pose->x||y_!=pose->[01;31m[Ky_[m[K){
      |                                       [01;31m[K^~[m[K
      |                                       [32m[Ky[m[K
In file included from [01m[K/opt/ros/humble/include/rclcpp/rclcpp/logging.hpp:24[m[K,
                 from [01m[K/opt/ros/humble/include/rclcpp/rclcpp/client.hpp:40[m[K,
                 from [01m[K/opt/ros/humble/include/rclcpp/rclcpp/callback_group.hpp:24[m[K,
                 from [01m[K/opt/ros/humble/include/rclcpp/rclcpp/any_executable.hpp:20[m[K,
                 from [01m[K/opt/ros/humble/include/rclcpp/rclcpp/memory_strategy.hpp:25[m[K,
                 from [01m[K/opt/ros/humble/include/rclcpp/rclcpp/memory_strategies.hpp:18[m[K,
                 from [01m[K/opt/ros/humble/include/rclcpp/rclcpp/executor_options.hpp:20[m[K,
                 from [01m[K/opt/ros/humble/include/rclcpp/rclcpp/executor.hpp:37[m[K,
                 from [01m[K/opt/ros/humble/include/rclcpp/rclcpp/executors/multi_threaded_executor.hpp:25[m[K,
                 from [01m[K/opt/ros/humble/include/rclcpp/rclcpp/executors.hpp:21[m[K,
                 from [01m[K/opt/ros/humble/include/rclcpp/rclcpp/rclcpp.hpp:155[m[K,
                 from [01m[K/home/yzh/Ê°åÈù¢/project-ros/ros-study/chapt3/ws_topic/src/demo_cpp_topic/src/turtle_description.cpp:2[m[K:
[01m[K/home/yzh/Ê°åÈù¢/project-ros/ros-study/chapt3/ws_topic/src/demo_cpp_topic/src/turtle_description.cpp:32:20:[m[K [01;31m[Kerror: [m[K‚Äò[01m[Kcurrent_x[m[K‚Äô was not declared in this scope
   32 |                    [01;31m[Kcurrent_x[m[K, current_y);
      |                    [01;31m[K^~~~~~~~~[m[K
[01m[K/home/yzh/Ê°åÈù¢/project-ros/ros-study/chapt3/ws_topic/src/demo_cpp_topic/src/turtle_description.cpp:32:31:[m[K [01;31m[Kerror: [m[K‚Äò[01m[Kcurrent_y[m[K‚Äô was not declared in this scope
   32 |                    current_x, [01;31m[Kcurrent_y[m[K);
      |                               [01;31m[K^~~~~~~~~[m[K
gmake[2]: *** [CMakeFiles/turtle_description.dir/build.make:76ÔºöCMakeFiles/turtle_description.dir/src/turtle_description.cpp.o] ÈîôËØØ 1
gmake[1]: *** [CMakeFiles/Makefile2:193ÔºöCMakeFiles/turtle_description.dir/all] ÈîôËØØ 2
gmake: *** [Makefile:146Ôºöall] ÈîôËØØ 2
