[0.047s] Invoking command in '/home/yzh/Ê°åÈù¢/project-ros/ros-study/chapt2/ws_ros/build/pkg01_helloworld_cpp': CMAKE_PREFIX_PATH=${CMAKE_PREFIX_PATH}:/opt/ros/humble /usr/bin/cmake --build /home/yzh/Ê°åÈù¢/project-ros/ros-study/chapt2/ws_ros/build/pkg01_helloworld_cpp -- -j16 -l16
[0.157s] -- Found ament_cmake: 1.3.12 (/opt/ros/humble/share/ament_cmake/cmake)
[0.677s] -- Found rclcpp: 16.0.16 (/opt/ros/humble/share/rclcpp/cmake)
[0.778s] -- Found rosidl_generator_c: 3.1.7 (/opt/ros/humble/share/rosidl_generator_c/cmake)
[0.785s] -- Found rosidl_adapter: 3.1.7 (/opt/ros/humble/share/rosidl_adapter/cmake)
[0.804s] -- Found rosidl_generator_cpp: 3.1.7 (/opt/ros/humble/share/rosidl_generator_cpp/cmake)
[0.841s] -- Using all available rosidl_typesupport_c: rosidl_typesupport_fastrtps_c;rosidl_typesupport_introspection_c
[0.884s] -- Using all available rosidl_typesupport_cpp: rosidl_typesupport_fastrtps_cpp;rosidl_typesupport_introspection_cpp
[0.986s] -- Found rmw_implementation_cmake: 6.1.2 (/opt/ros/humble/share/rmw_implementation_cmake/cmake)
[0.991s] -- Found rmw_fastrtps_cpp: 6.2.9 (/opt/ros/humble/share/rmw_fastrtps_cpp/cmake)
[1.407s] -- Using RMW implementation 'rmw_fastrtps_cpp' as default
[1.600s] -- Found ament_lint_auto: 0.12.14 (/opt/ros/humble/share/ament_lint_auto/cmake)
[1.971s] -- Added test 'cppcheck' to perform static code analysis on C / C++ code
[1.972s] -- Configured cppcheck include dirs: /home/yzh/Ê°åÈù¢/project-ros/ros-study/chapt2/ws_ros/src/pkg01_helloworld_cpp/include;$<BUILD_INTERFACE:/home/yzh/Ê°åÈù¢/project-ros/ros-study/chapt2/ws_ros/src/pkg01_helloworld_cpp/include>
[1.973s] -- Configured cppcheck exclude dirs and/or files: 
[1.979s] -- Added test 'flake8' to check Python code syntax and style conventions
[1.988s] -- Added test 'lint_cmake' to check CMake code style
[1.994s] -- Added test 'pep257' to check Python code against some of the docstring style conventions in PEP 257
[2.033s] -- Added test 'uncrustify' to check C / C++ code style
[2.033s] -- Configured uncrustify additional arguments: 
[2.038s] -- Added test 'xmllint' to check XML markup files
[2.042s] -- Configuring done
[2.133s] -- Generating done
[2.166s] -- Build files have been written to: /home/yzh/Ê°åÈù¢/project-ros/ros-study/chapt2/ws_ros/build/pkg01_helloworld_cpp
[2.321s] [35m[1mConsolidate compiler generated dependencies of target learn_cpp[0m
[2.322s] [35m[1mConsolidate compiler generated dependencies of target learn_shared[0m
[2.325s] [35m[1mConsolidate compiler generated dependencies of target helloworld[0m
[2.326s] [35m[1mConsolidate compiler generated dependencies of target learn_lambda[0m
[2.330s] [35m[1mConsolidate compiler generated dependencies of target person_node[0m
[2.330s] [35m[1mConsolidate compiler generated dependencies of target learn_functional[0m
[2.330s] [35m[1mConsolidate compiler generated dependencies of target learn_thread1[0m
[2.416s] [  6%] [32mBuilding CXX object CMakeFiles/learn_thread.dir/src/learn_thread.cpp.o[0m
[2.432s] [ 25%] Built target learn_cpp
[2.432s] [ 37%] Built target learn_shared
[2.433s] [ 43%] Built target learn_lambda
[2.438s] [ 56%] Built target learn_thread1
[2.438s] [ 68%] Built target learn_functional
[2.450s] [ 81%] Built target helloworld
[2.455s] [ 93%] Built target person_node
[7.668s] [01m[K/home/yzh/Ê°åÈù¢/project-ros/ros-study/chapt2/ws_ros/src/pkg01_helloworld_cpp/src/learn_thread.cpp:[m[K In member function ‚Äò[01m[Kvoid Download::download(const string&, const string&, const std::function<void(const std::__cxx11::basic_string<char>&)>&)[m[K‚Äô:
[7.669s] [01m[K/home/yzh/Ê°åÈù¢/project-ros/ros-study/chapt2/ws_ros/src/pkg01_helloworld_cpp/src/learn_thread.cpp:18:9:[m[K [01;31m[Kerror: [m[Kexpected ‚Äò[01m[K,[m[K‚Äô or ‚Äò[01m[K;[m[K‚Äô before ‚Äò[01m[Kif[m[K‚Äô
[7.669s]    18 |         [01;31m[Kif[m[K(response && response->status==200){
[7.669s]       |         [01;31m[K^~[m[K
[7.670s] [01m[K/home/yzh/Ê°åÈù¢/project-ros/ros-study/chapt2/ws_ros/src/pkg01_helloworld_cpp/src/learn_thread.cpp:13:22:[m[K [01;35m[Kwarning: [m[Kunused parameter ‚Äò[01m[Kcallback_word_count[m[K‚Äô [[01;35m[K]8;;https://gcc.gnu.org/onlinedocs/gcc/Warning-Options.html#index-Wunused-parameter-Wunused-parameter]8;;[m[K]
[7.670s]    12 |     void download(const std::string &host,const std::string &path,[01;35m[Kconst std::function<void(const[m[K
[7.670s]       |                                                                   [01;35m[K~~~~~~~~~~~~~~~~~~~~~~~~~~~~~~[m[K
[7.670s]    13 | [01;35m[K    std::string &)> &callback_word_count[m[K)
[7.671s]       |     [01;35m[K~~~~~~~~~~~~~~~~~^~~~~~~~~~~~~~~~~~~[m[K
[7.722s] [01m[K/home/yzh/Ê°åÈù¢/project-ros/ros-study/chapt2/ws_ros/src/pkg01_helloworld_cpp/src/learn_thread.cpp:[m[K In function ‚Äò[01m[Kint main(int, char**)[m[K‚Äô:
[7.722s] [01m[K/home/yzh/Ê°åÈù¢/project-ros/ros-study/chapt2/ws_ros/src/pkg01_helloworld_cpp/src/learn_thread.cpp:34:14:[m[K [01;35m[Kwarning: [m[Kunused parameter ‚Äò[01m[Kargc[m[K‚Äô [[01;35m[K]8;;https://gcc.gnu.org/onlinedocs/gcc/Warning-Options.html#index-Wunused-parameter-Wunused-parameter]8;;[m[K]
[7.723s]    34 | int main([01;35m[Kint argc[m[K,char **argv){
[7.723s]       |          [01;35m[K~~~~^~~~[m[K
[7.723s] [01m[K/home/yzh/Ê°åÈù¢/project-ros/ros-study/chapt2/ws_ros/src/pkg01_helloworld_cpp/src/learn_thread.cpp:34:26:[m[K [01;35m[Kwarning: [m[Kunused parameter ‚Äò[01m[Kargv[m[K‚Äô [[01;35m[K]8;;https://gcc.gnu.org/onlinedocs/gcc/Warning-Options.html#index-Wunused-parameter-Wunused-parameter]8;;[m[K]
[7.724s]    34 | int main(int argc,[01;35m[Kchar **argv[m[K){
[7.724s]       |                   [01;35m[K~~~~~~~^~~~[m[K
[8.326s] In file included from [01m[K/usr/include/c++/11/thread:43[m[K,
[8.326s]                  from [01m[K/home/yzh/Ê°åÈù¢/project-ros/ros-study/chapt2/ws_ros/src/pkg01_helloworld_cpp/src/learn_thread.cpp:2[m[K:
[8.327s] /usr/include/c++/11/bits/std_thread.h: In instantiation of ‚Äò[01m[Kstd::thread::thread(_Callable&&, _Args&& ...) [with _Callable = std::_Bind<void (Download::*(Download*, std::_Placeholder<1>, std::_Placeholder<2>, std::_Placeholder<3>))(const std::__cxx11::basic_string<char>&, const std::__cxx11::basic_string<char>&, const std::function<void(const std::__cxx11::basic_string<char>&)>&)>&; _Args = {const std::__cxx11::basic_string<char, std::char_traits<char>, std::allocator<char> >&, const std::__cxx11::basic_string<char, std::char_traits<char>, std::allocator<char> >&, const std::function<void(const std::__cxx11::basic_string<char, std::char_traits<char>, std::allocator<char> >&, const std::__cxx11::basic_string<char, std::char_traits<char>, std::allocator<char> >&)>&}; <template-parameter-1-3> = void][m[K‚Äô:
[8.327s] [01m[K/home/yzh/Ê°åÈù¢/project-ros/ros-study/chapt2/ws_ros/src/pkg01_helloworld_cpp/src/learn_thread.cpp:27:70:[m[K   required from here
[8.327s] [01m[K/usr/include/c++/11/bits/std_thread.h:130:72:[m[K [01;31m[Kerror: [m[Kstatic assertion failed: std::thread arguments must be invocable after conversion to rvalues
[8.327s]   130 |                                       typename decay<_Args>::type...>::[01;31m[Kvalue[m[K,
[8.328s]       |                                                                        [01;31m[K^~~~~[m[K
[8.328s] [01m[K/usr/include/c++/11/bits/std_thread.h:130:72:[m[K [01;36m[Knote: [m[K‚Äò[01m[Kstd::integral_constant<bool, false>::value[m[K‚Äô evaluates to false
[8.354s] /usr/include/c++/11/bits/std_thread.h: In instantiation of ‚Äò[01m[Kstruct std::thread::_Invoker<std::tuple<std::_Bind<void (Download::*(Download*, std::_Placeholder<1>, std::_Placeholder<2>, std::_Placeholder<3>))(const std::__cxx11::basic_string<char, std::char_traits<char>, std::allocator<char> >&, const std::__cxx11::basic_string<char, std::char_traits<char>, std::allocator<char> >&, const std::function<void(const std::__cxx11::basic_string<char, std::char_traits<char>, std::allocator<char> >&)>&)>, std::__cxx11::basic_string<char, std::char_traits<char>, std::allocator<char> >, std::__cxx11::basic_string<char, std::char_traits<char>, std::allocator<char> >, std::function<void(const std::__cxx11::basic_string<char, std::char_traits<char>, std::allocator<char> >&, const std::__cxx11::basic_string<char, std::char_traits<char>, std::allocator<char> >&)> > >[m[K‚Äô:
[8.355s] [01m[K/usr/include/c++/11/bits/std_thread.h:203:13:[m[K   required from ‚Äò[01m[Kstruct std::thread::_State_impl<std::thread::_Invoker<std::tuple<std::_Bind<void (Download::*(Download*, std::_Placeholder<1>, std::_Placeholder<2>, std::_Placeholder<3>))(const std::__cxx11::basic_string<char, std::char_traits<char>, std::allocator<char> >&, const std::__cxx11::basic_string<char, std::char_traits<char>, std::allocator<char> >&, const std::function<void(const std::__cxx11::basic_string<char, std::char_traits<char>, std::allocator<char> >&)>&)>, std::__cxx11::basic_string<char, std::char_traits<char>, std::allocator<char> >, std::__cxx11::basic_string<char, std::char_traits<char>, std::allocator<char> >, std::function<void(const std::__cxx11::basic_string<char, std::char_traits<char>, std::allocator<char> >&, const std::__cxx11::basic_string<char, std::char_traits<char>, std::allocator<char> >&)> > > >[m[K‚Äô
[8.355s] [01m[K/usr/include/c++/11/bits/std_thread.h:143:29:[m[K   required from ‚Äò[01m[Kstd::thread::thread(_Callable&&, _Args&& ...) [with _Callable = std::_Bind<void (Download::*(Download*, std::_Placeholder<1>, std::_Placeholder<2>, std::_Placeholder<3>))(const std::__cxx11::basic_string<char>&, const std::__cxx11::basic_string<char>&, const std::function<void(const std::__cxx11::basic_string<char>&)>&)>&; _Args = {const std::__cxx11::basic_string<char, std::char_traits<char>, std::allocator<char> >&, const std::__cxx11::basic_string<char, std::char_traits<char>, std::allocator<char> >&, const std::function<void(const std::__cxx11::basic_string<char, std::char_traits<char>, std::allocator<char> >&, const std::__cxx11::basic_string<char, std::char_traits<char>, std::allocator<char> >&)>&}; <template-parameter-1-3> = void][m[K‚Äô
[8.356s] [01m[K/home/yzh/Ê°åÈù¢/project-ros/ros-study/chapt2/ws_ros/src/pkg01_helloworld_cpp/src/learn_thread.cpp:27:70:[m[K   required from here
[8.356s] [01m[K/usr/include/c++/11/bits/std_thread.h:258:11:[m[K [01;31m[Kerror: [m[Kno type named ‚Äò[01m[Ktype[m[K‚Äô in ‚Äò[01m[Kstruct std::thread::_Invoker<std::tuple<std::_Bind<void (Download::*(Download*, std::_Placeholder<1>, std::_Placeholder<2>, std::_Placeholder<3>))(const std::__cxx11::basic_string<char, std::char_traits<char>, std::allocator<char> >&, const std::__cxx11::basic_string<char, std::char_traits<char>, std::allocator<char> >&, const std::function<void(const std::__cxx11::basic_string<char, std::char_traits<char>, std::allocator<char> >&)>&)>, std::__cxx11::basic_string<char, std::char_traits<char>, std::allocator<char> >, std::__cxx11::basic_string<char, std::char_traits<char>, std::allocator<char> >, std::function<void(const std::__cxx11::basic_string<char, std::char_traits<char>, std::allocator<char> >&, const std::__cxx11::basic_string<char, std::char_traits<char>, std::allocator<char> >&)> > >::__result<std::tuple<std::_Bind<void (Download::*(Download*, std::_Placeholder<1>, std::_Placeholder<2>, std::_Placeholder<3>))(const std::__cxx11::basic_string<char, std::char_traits<char>, std::allocator<char> >&, const std::__cxx11::basic_string<char, std::char_traits<char>, std::allocator<char> >&, const std::function<void(const std::__cxx11::basic_string<char, std::char_traits<char>, std::allocator<char> >&)>&)>, std::__cxx11::basic_string<char, std::char_traits<char>, std::allocator<char> >, std::__cxx11::basic_string<char, std::char_traits<char>, std::allocator<char> >, std::function<void(const std::__cxx11::basic_string<char, std::char_traits<char>, std::allocator<char> >&, const std::__cxx11::basic_string<char, std::char_traits<char>, std::allocator<char> >&)> > >[m[K‚Äô
[8.356s]   258 |           [01;31m[K_M_invoke[m[K(_Index_tuple<_Ind...>)
[8.356s]       |           [01;31m[K^~~~~~~~~[m[K
[8.357s] [01m[K/usr/include/c++/11/bits/std_thread.h:262:9:[m[K [01;31m[Kerror: [m[Kno type named ‚Äò[01m[Ktype[m[K‚Äô in ‚Äò[01m[Kstruct std::thread::_Invoker<std::tuple<std::_Bind<void (Download::*(Download*, std::_Placeholder<1>, std::_Placeholder<2>, std::_Placeholder<3>))(const std::__cxx11::basic_string<char, std::char_traits<char>, std::allocator<char> >&, const std::__cxx11::basic_string<char, std::char_traits<char>, std::allocator<char> >&, const std::function<void(const std::__cxx11::basic_string<char, std::char_traits<char>, std::allocator<char> >&)>&)>, std::__cxx11::basic_string<char, std::char_traits<char>, std::allocator<char> >, std::__cxx11::basic_string<char, std::char_traits<char>, std::allocator<char> >, std::function<void(const std::__cxx11::basic_string<char, std::char_traits<char>, std::allocator<char> >&, const std::__cxx11::basic_string<char, std::char_traits<char>, std::allocator<char> >&)> > >::__result<std::tuple<std::_Bind<void (Download::*(Download*, std::_Placeholder<1>, std::_Placeholder<2>, std::_Placeholder<3>))(const std::__cxx11::basic_string<char, std::char_traits<char>, std::allocator<char> >&, const std::__cxx11::basic_string<char, std::char_traits<char>, std::allocator<char> >&, const std::function<void(const std::__cxx11::basic_string<char, std::char_traits<char>, std::allocator<char> >&)>&)>, std::__cxx11::basic_string<char, std::char_traits<char>, std::allocator<char> >, std::__cxx11::basic_string<char, std::char_traits<char>, std::allocator<char> >, std::function<void(const std::__cxx11::basic_string<char, std::char_traits<char>, std::allocator<char> >&, const std::__cxx11::basic_string<char, std::char_traits<char>, std::allocator<char> >&)> > >[m[K‚Äô
[8.357s]   262 |         [01;31m[Koperator[m[K()()
[8.357s]       |         [01;31m[K^~~~~~~~[m[K
[16.028s] gmake[2]: *** [CMakeFiles/learn_thread.dir/build.make:76ÔºöCMakeFiles/learn_thread.dir/src/learn_thread.cpp.o] ÈîôËØØ 1
[16.029s] gmake[1]: *** [CMakeFiles/Makefile2:333ÔºöCMakeFiles/learn_thread.dir/all] ÈîôËØØ 2
[16.029s] gmake: *** [Makefile:146Ôºöall] ÈîôËØØ 2
[16.039s] Invoked command in '/home/yzh/Ê°åÈù¢/project-ros/ros-study/chapt2/ws_ros/build/pkg01_helloworld_cpp' returned '2': CMAKE_PREFIX_PATH=${CMAKE_PREFIX_PATH}:/opt/ros/humble /usr/bin/cmake --build /home/yzh/Ê°åÈù¢/project-ros/ros-study/chapt2/ws_ros/build/pkg01_helloworld_cpp -- -j16 -l16
