[35m[1mConsolidate compiler generated dependencies of target turtle_circle[0m
[ 50%] [32mBuilding CXX object CMakeFiles/turtle_circle.dir/src/turtle_circle.cpp.o[0m
[01m[K/home/yzh/æ¡Œé¢/project-ros/ros-study/chapt3/ws_topic/src/demo_cpp_topic/src/turtle_circle.cpp:24:14:[m[K [01;31m[Kerror: [m[Kvariable or field â€˜[01m[Ktimer_callback[m[Kâ€™ declared void
   24 |         void [01;31m[Ktimer_callback[m[K
      |              [01;31m[K^~~~~~~~~~~~~~[m[K
[01m[K/home/yzh/æ¡Œé¢/project-ros/ros-study/chapt3/ws_topic/src/demo_cpp_topic/src/turtle_circle.cpp:[m[K In constructor â€˜[01m[KTurtleCircleNode::TurtleCircleNode(const string&)[m[Kâ€™:
[01m[K/home/yzh/æ¡Œé¢/project-ros/ros-study/chapt3/ws_topic/src/demo_cpp_topic/src/turtle_circle.cpp:21:82:[m[K [01;31m[Kerror: [m[Kâ€˜[01m[Ktimer_callback[m[Kâ€™ is not a member of â€˜[01m[KTurtleCircleNode[m[Kâ€™
   21 |             timer_ = this->create_wall_timer(1000ms,std::bind(&TurtleCircleNode::[01;31m[Ktimer_callback[m[K,this));
      |                                                                                  [01;31m[K^~~~~~~~~~~~~~[m[K
gmake[2]: *** [CMakeFiles/turtle_circle.dir/build.make:76ï¼šCMakeFiles/turtle_circle.dir/src/turtle_circle.cpp.o] é”™è¯¯ 1
gmake[1]: *** [CMakeFiles/Makefile2:137ï¼šCMakeFiles/turtle_circle.dir/all] é”™è¯¯ 2
gmake: *** [Makefile:146ï¼šall] é”™è¯¯ 2
