-- Found ament_cmake: 1.3.12 (/opt/ros/humble/share/ament_cmake/cmake)
-- Found rclcpp: 16.0.16 (/opt/ros/humble/share/rclcpp/cmake)
-- Found rosidl_generator_c: 3.1.7 (/opt/ros/humble/share/rosidl_generator_c/cmake)
-- Found rosidl_adapter: 3.1.7 (/opt/ros/humble/share/rosidl_adapter/cmake)
-- Found rosidl_generator_cpp: 3.1.7 (/opt/ros/humble/share/rosidl_generator_cpp/cmake)
-- Using all available rosidl_typesupport_c: rosidl_typesupport_fastrtps_c;rosidl_typesupport_introspection_c
-- Using all available rosidl_typesupport_cpp: rosidl_typesupport_fastrtps_cpp;rosidl_typesupport_introspection_cpp
-- Found rmw_implementation_cmake: 6.1.2 (/opt/ros/humble/share/rmw_implementation_cmake/cmake)
-- Found rmw_fastrtps_cpp: 6.2.9 (/opt/ros/humble/share/rmw_fastrtps_cpp/cmake)
-- Using RMW implementation 'rmw_fastrtps_cpp' as default
-- Found geometry_msgs: 4.9.0 (/opt/ros/humble/share/geometry_msgs/cmake)
-- Found turtlesim: 1.4.3 (/opt/ros/humble/share/turtlesim/cmake)
-- Found ament_lint_auto: 0.12.14 (/opt/ros/humble/share/ament_lint_auto/cmake)
-- Added test 'cppcheck' to perform static code analysis on C / C++ code
-- Configured cppcheck include dirs: 
-- Configured cppcheck exclude dirs and/or files: 
-- Added test 'lint_cmake' to check CMake code style
-- Added test 'uncrustify' to check C / C++ code style
-- Configured uncrustify additional arguments: 
-- Added test 'xmllint' to check XML markup files
-- Configuring done
-- Generating done
-- Build files have been written to: /home/yzh/æ¡Œé¢/project-ros/ros-study/chapt3/ws_topic/build/demo_cpp_topic
[ 50%] [32mBuilding CXX object CMakeFiles/turtle_circle.dir/src/turtle_circle.cpp.o[0m
[01m[K/home/yzh/æ¡Œé¢/project-ros/ros-study/chapt3/ws_topic/src/demo_cpp_topic/src/turtle_circle.cpp:3:2:[m[K [01;31m[Kerror: [m[Kinvalid preprocessing directive #incldue; did you mean #include?
    3 | #[01;31m[Kincldue[m[K "geometry_msgs/msg/twist.hpp"  //å¼•å…¥è¯é¢˜æ§åˆ¶å°æµ·é¾Ÿ
      |  [01;31m[K^~~~~~~[m[K
      |  [32m[Kinclude[m[K
[01m[K/home/yzh/æ¡Œé¢/project-ros/ros-study/chapt3/ws_topic/src/demo_cpp_topic/src/turtle_circle.cpp:14:27:[m[K [01;31m[Kerror: [m[Kâ€˜[01m[Kgeometry_msgs[m[Kâ€™ was not declared in this scope
   14 |         rclcpp::Publisher<[01;31m[Kgeometry_msgs[m[K::msg::Twist>::SharedPtr Publisher_; //åˆ›å»ºå®šæ—¶å™¨ï¼Œåˆ›å»ºå‘å¸ƒè€…çš„æ™ºèƒ½æŒ‡é’ˆ
      |                           [01;31m[K^~~~~~~~~~~~~[m[K
[01m[K/home/yzh/æ¡Œé¢/project-ros/ros-study/chapt3/ws_topic/src/demo_cpp_topic/src/turtle_circle.cpp:14:52:[m[K [01;31m[Kerror: [m[Ktemplate argument 1 is invalid
   14 |         rclcpp::Publisher<geometry_msgs::msg::Twist[01;31m[K>[m[K::SharedPtr Publisher_; //åˆ›å»ºå®šæ—¶å™¨ï¼Œåˆ›å»ºå‘å¸ƒè€…çš„æ™ºèƒ½æŒ‡é’ˆ
      |                                                    [01;31m[K^[m[K
[01m[K/home/yzh/æ¡Œé¢/project-ros/ros-study/chapt3/ws_topic/src/demo_cpp_topic/src/turtle_circle.cpp:14:55:[m[K [01;31m[Kerror: [m[Kexpected â€˜[01m[K;[m[Kâ€™ at end of member declaration
   14 |         rclcpp::Publisher<geometry_msgs::msg::Twist>::[01;31m[KSharedPtr[m[K Publisher_; //åˆ›å»ºå®šæ—¶å™¨ï¼Œåˆ›å»ºå‘å¸ƒè€…çš„æ™ºèƒ½æŒ‡é’ˆ
      |                                                       [01;31m[K^~~~~~~~~[m[K
      |                                                                [32m[K;[m[K
[01m[K/home/yzh/æ¡Œé¢/project-ros/ros-study/chapt3/ws_topic/src/demo_cpp_topic/src/turtle_circle.cpp:14:65:[m[K [01;31m[Kerror: [m[Kâ€˜[01m[KPublisher_[m[Kâ€™ does not name a type; did you mean â€˜[01m[Krmw_publisher_t[m[Kâ€™?
   14 |         rclcpp::Publisher<geometry_msgs::msg::Twist>::SharedPtr [01;31m[KPublisher_[m[K; //åˆ›å»ºå®šæ—¶å™¨ï¼Œåˆ›å»ºå‘å¸ƒè€…çš„æ™ºèƒ½æŒ‡é’ˆ
      |                                                                 [01;31m[K^~~~~~~~~~[m[K
      |                                                                 [32m[Krmw_publisher_t[m[K
[01m[K/home/yzh/æ¡Œé¢/project-ros/ros-study/chapt3/ws_topic/src/demo_cpp_topic/src/turtle_circle.cpp:24:14:[m[K [01;31m[Kerror: [m[Kvariable or field â€˜[01m[Ktimer_callback[m[Kâ€™ declared void
   24 |         void [01;31m[Ktimer_callback[m[K
      |              [01;31m[K^~~~~~~~~~~~~~[m[K
[01m[K/home/yzh/æ¡Œé¢/project-ros/ros-study/chapt3/ws_topic/src/demo_cpp_topic/src/turtle_circle.cpp:31:9:[m[K [01;31m[Kerror: [m[Kexpected â€˜[01m[K;[m[Kâ€™ at end of member declaration
   31 |         [01;31m[K}[m[K
      |         [01;31m[K^[m[K
      |          [32m[K;[m[K
[01m[K/home/yzh/æ¡Œé¢/project-ros/ros-study/chapt3/ws_topic/src/demo_cpp_topic/src/turtle_circle.cpp:32:2:[m[K [01;31m[Kerror: [m[Kexpected â€˜[01m[K;[m[Kâ€™ after class definition
   32 | }
      |  [01;31m[K^[m[K
      |  [32m[K;[m[K
[01m[K/home/yzh/æ¡Œé¢/project-ros/ros-study/chapt3/ws_topic/src/demo_cpp_topic/src/turtle_circle.cpp:[m[K In constructor â€˜[01m[KTurtleCircleNode::TurtleCircleNode(const string&)[m[Kâ€™:
[01m[K/home/yzh/æ¡Œé¢/project-ros/ros-study/chapt3/ws_topic/src/demo_cpp_topic/src/turtle_circle.cpp:19:13:[m[K [01;31m[Kerror: [m[Kâ€˜[01m[KPublisher_[m[Kâ€™ was not declared in this scope; did you mean â€˜[01m[Krmw_publisher_t[m[Kâ€™?
   19 |             [01;31m[KPublisher_[m[K = this->create_publisher<geometry_msgs::msg::Twist>("/turtle1/cmd_vel",10);
      |             [01;31m[K^~~~~~~~~~[m[K
      |             [32m[Krmw_publisher_t[m[K
[01m[K/home/yzh/æ¡Œé¢/project-ros/ros-study/chapt3/ws_topic/src/demo_cpp_topic/src/turtle_circle.cpp:19:49:[m[K [01;31m[Kerror: [m[Kâ€˜[01m[Kgeometry_msgs[m[Kâ€™ was not declared in this scope
   19 |             Publisher_ = this->create_publisher<[01;31m[Kgeometry_msgs[m[K::msg::Twist>("/turtle1/cmd_vel",10);
      |                                                 [01;31m[K^~~~~~~~~~~~~[m[K
[01m[K/home/yzh/æ¡Œé¢/project-ros/ros-study/chapt3/ws_topic/src/demo_cpp_topic/src/turtle_circle.cpp:19:32:[m[K [01;31m[Kerror: [m[Kparse error in template argument list
   19 |             Publisher_ = this->[01;31m[Kcreate_publisher<geometry_msgs::msg::Twist>[m[K("/turtle1/cmd_vel",10);
      |                                [01;31m[K^~~~~~~~~~~~~~~~~~~~~~~~~~~~~~~~~~~~~~~~~~~[m[K
[01m[K/home/yzh/æ¡Œé¢/project-ros/ros-study/chapt3/ws_topic/src/demo_cpp_topic/src/turtle_circle.cpp:19:75:[m[K [01;31m[Kerror: [m[Kno matching function for call to â€˜[01m[KTurtleCircleNode::create_publisher<<expression error> >(const char [17], int)[m[Kâ€™
   19 |             Publisher_ = [01;31m[Kthis->create_publisher<geometry_msgs::msg::Twist>("/turtle1/cmd_vel",10)[m[K;
      |                          [01;31m[K~~~~~~~~~~~~~~~~~~~~~~~~~~~~~~~~~~~~~~~~~~~~~~~~~^~~~~~~~~~~~~~~~~~~~~~~[m[K
In file included from [01m[K/opt/ros/humble/include/rclcpp/rclcpp/executors/single_threaded_executor.hpp:28[m[K,
                 from [01m[K/opt/ros/humble/include/rclcpp/rclcpp/executors.hpp:22[m[K,
                 from [01m[K/opt/ros/humble/include/rclcpp/rclcpp/rclcpp.hpp:155[m[K,
                 from [01m[K/home/yzh/æ¡Œé¢/project-ros/ros-study/chapt3/ws_topic/src/demo_cpp_topic/src/turtle_circle.cpp:2[m[K:
[01m[K/opt/ros/humble/include/rclcpp/rclcpp/node.hpp:195:3:[m[K [01;36m[Knote: [m[Kcandidate: â€˜[01m[Ktemplate<class MessageT, class AllocatorT, class PublisherT> std::shared_ptr<PublisherT> rclcpp::Node::create_publisher(const string&, const rclcpp::QoS&, const rclcpp::PublisherOptionsWithAllocator<AllocatorT>&)[m[Kâ€™
  195 |   [01;36m[Kcreate_publisher[m[K(
      |   [01;36m[K^~~~~~~~~~~~~~~~[m[K
[01m[K/opt/ros/humble/include/rclcpp/rclcpp/node.hpp:195:3:[m[K [01;36m[Knote: [m[K  template argument deduction/substitution failed:
[01m[K/home/yzh/æ¡Œé¢/project-ros/ros-study/chapt3/ws_topic/src/demo_cpp_topic/src/turtle_circle.cpp:19:75:[m[K [01;31m[Kerror: [m[Ktemplate argument 1 is invalid
   19 |             Publisher_ = [01;31m[Kthis->create_publisher<geometry_msgs::msg::Twist>("/turtle1/cmd_vel",10)[m[K;
      |                          [01;31m[K~~~~~~~~~~~~~~~~~~~~~~~~~~~~~~~~~~~~~~~~~~~~~~~~~^~~~~~~~~~~~~~~~~~~~~~~[m[K
[01m[K/home/yzh/æ¡Œé¢/project-ros/ros-study/chapt3/ws_topic/src/demo_cpp_topic/src/turtle_circle.cpp:21:82:[m[K [01;31m[Kerror: [m[Kâ€˜[01m[Ktimer_callback[m[Kâ€™ is not a member of â€˜[01m[KTurtleCircleNode[m[Kâ€™
   21 |             timer_ = this->create_wall_timer(1000ms,std::bind(&TurtleCircleNode::[01;31m[Ktimer_callback[m[K,this))
      |                                                                                  [01;31m[K^~~~~~~~~~~~~~[m[K
gmake[2]: *** [CMakeFiles/turtle_circle.dir/build.make:76ï¼šCMakeFiles/turtle_circle.dir/src/turtle_circle.cpp.o] é”™è¯¯ 1
gmake[1]: *** [CMakeFiles/Makefile2:137ï¼šCMakeFiles/turtle_circle.dir/all] é”™è¯¯ 2
gmake: *** [Makefile:146ï¼šall] é”™è¯¯ 2
