[0.049s] Invoking command in '/home/yzh/æ¡Œé¢/project-ros/ros-study/chapt3/ws_topic/build/demo_cpp_topic': CMAKE_PREFIX_PATH=/opt/ros/humble /usr/bin/cmake /home/yzh/æ¡Œé¢/project-ros/ros-study/chapt3/ws_topic/src/demo_cpp_topic -DCMAKE_INSTALL_PREFIX=/home/yzh/æ¡Œé¢/project-ros/ros-study/chapt3/ws_topic/install/demo_cpp_topic
[0.084s] -- Found ament_cmake: 1.3.12 (/opt/ros/humble/share/ament_cmake/cmake)
[0.660s] -- Found rclcpp: 16.0.16 (/opt/ros/humble/share/rclcpp/cmake)
[0.800s] -- Found rosidl_generator_c: 3.1.7 (/opt/ros/humble/share/rosidl_generator_c/cmake)
[0.810s] -- Found rosidl_adapter: 3.1.7 (/opt/ros/humble/share/rosidl_adapter/cmake)
[0.840s] -- Found rosidl_generator_cpp: 3.1.7 (/opt/ros/humble/share/rosidl_generator_cpp/cmake)
[0.882s] -- Using all available rosidl_typesupport_c: rosidl_typesupport_fastrtps_c;rosidl_typesupport_introspection_c
[0.935s] -- Using all available rosidl_typesupport_cpp: rosidl_typesupport_fastrtps_cpp;rosidl_typesupport_introspection_cpp
[1.078s] -- Found rmw_implementation_cmake: 6.1.2 (/opt/ros/humble/share/rmw_implementation_cmake/cmake)
[1.083s] -- Found rmw_fastrtps_cpp: 6.2.9 (/opt/ros/humble/share/rmw_fastrtps_cpp/cmake)
[1.574s] -- Using RMW implementation 'rmw_fastrtps_cpp' as default
[1.772s] -- Found geometry_msgs: 4.9.0 (/opt/ros/humble/share/geometry_msgs/cmake)
[1.824s] -- Found turtlesim: 1.4.3 (/opt/ros/humble/share/turtlesim/cmake)
[1.971s] -- Found ament_lint_auto: 0.12.14 (/opt/ros/humble/share/ament_lint_auto/cmake)
[2.498s] -- Added test 'cppcheck' to perform static code analysis on C / C++ code
[2.499s] -- Configured cppcheck include dirs: 
[2.499s] -- Configured cppcheck exclude dirs and/or files: 
[2.509s] -- Added test 'lint_cmake' to check CMake code style
[2.523s] -- Added test 'uncrustify' to check C / C++ code style
[2.524s] -- Configured uncrustify additional arguments: 
[2.529s] -- Added test 'xmllint' to check XML markup files
[2.551s] -- Configuring done
[2.590s] -- Generating done
[2.605s] -- Build files have been written to: /home/yzh/æ¡Œé¢/project-ros/ros-study/chapt3/ws_topic/build/demo_cpp_topic
[2.642s] Invoked command in '/home/yzh/æ¡Œé¢/project-ros/ros-study/chapt3/ws_topic/build/demo_cpp_topic' returned '0': CMAKE_PREFIX_PATH=/opt/ros/humble /usr/bin/cmake /home/yzh/æ¡Œé¢/project-ros/ros-study/chapt3/ws_topic/src/demo_cpp_topic -DCMAKE_INSTALL_PREFIX=/home/yzh/æ¡Œé¢/project-ros/ros-study/chapt3/ws_topic/install/demo_cpp_topic
[2.644s] Invoking command in '/home/yzh/æ¡Œé¢/project-ros/ros-study/chapt3/ws_topic/build/demo_cpp_topic': CMAKE_PREFIX_PATH=/opt/ros/humble /usr/bin/cmake --build /home/yzh/æ¡Œé¢/project-ros/ros-study/chapt3/ws_topic/build/demo_cpp_topic -- -j16 -l16
[2.935s] [ 50%] [32mBuilding CXX object CMakeFiles/turtle_circle.dir/src/turtle_circle.cpp.o[0m
[8.526s] [01m[K/home/yzh/æ¡Œé¢/project-ros/ros-study/chapt3/ws_topic/src/demo_cpp_topic/src/turtle_circle.cpp:3:2:[m[K [01;31m[Kerror: [m[Kinvalid preprocessing directive #incldue; did you mean #include?
[8.526s]     3 | #[01;31m[Kincldue[m[K "geometry_msgs/msg/twist.hpp"  //å¼•å…¥è¯é¢˜æ§åˆ¶å°æµ·é¾Ÿ
[8.527s]       |  [01;31m[K^~~~~~~[m[K
[8.527s]       |  [32m[Kinclude[m[K
[27.310s] [01m[K/home/yzh/æ¡Œé¢/project-ros/ros-study/chapt3/ws_topic/src/demo_cpp_topic/src/turtle_circle.cpp:14:27:[m[K [01;31m[Kerror: [m[Kâ€˜[01m[Kgeometry_msgs[m[Kâ€™ was not declared in this scope
[27.310s]    14 |         rclcpp::Publisher<[01;31m[Kgeometry_msgs[m[K::msg::Twist>::SharedPtr Publisher_; //åˆ›å»ºå®šæ—¶å™¨ï¼Œåˆ›å»ºå‘å¸ƒè€…çš„æ™ºèƒ½æŒ‡é’ˆ
[27.310s]       |                           [01;31m[K^~~~~~~~~~~~~[m[K
[27.310s] [01m[K/home/yzh/æ¡Œé¢/project-ros/ros-study/chapt3/ws_topic/src/demo_cpp_topic/src/turtle_circle.cpp:14:52:[m[K [01;31m[Kerror: [m[Ktemplate argument 1 is invalid
[27.310s]    14 |         rclcpp::Publisher<geometry_msgs::msg::Twist[01;31m[K>[m[K::SharedPtr Publisher_; //åˆ›å»ºå®šæ—¶å™¨ï¼Œåˆ›å»ºå‘å¸ƒè€…çš„æ™ºèƒ½æŒ‡é’ˆ
[27.310s]       |                                                    [01;31m[K^[m[K
[27.315s] [01m[K/home/yzh/æ¡Œé¢/project-ros/ros-study/chapt3/ws_topic/src/demo_cpp_topic/src/turtle_circle.cpp:14:55:[m[K [01;31m[Kerror: [m[Kexpected â€˜[01m[K;[m[Kâ€™ at end of member declaration
[27.315s]    14 |         rclcpp::Publisher<geometry_msgs::msg::Twist>::[01;31m[KSharedPtr[m[K Publisher_; //åˆ›å»ºå®šæ—¶å™¨ï¼Œåˆ›å»ºå‘å¸ƒè€…çš„æ™ºèƒ½æŒ‡é’ˆ
[27.315s]       |                                                       [01;31m[K^~~~~~~~~[m[K
[27.316s]       |                                                                [32m[K;[m[K
[27.321s] [01m[K/home/yzh/æ¡Œé¢/project-ros/ros-study/chapt3/ws_topic/src/demo_cpp_topic/src/turtle_circle.cpp:14:65:[m[K [01;31m[Kerror: [m[Kâ€˜[01m[KPublisher_[m[Kâ€™ does not name a type; did you mean â€˜[01m[Krmw_publisher_t[m[Kâ€™?
[27.321s]    14 |         rclcpp::Publisher<geometry_msgs::msg::Twist>::SharedPtr [01;31m[KPublisher_[m[K; //åˆ›å»ºå®šæ—¶å™¨ï¼Œåˆ›å»ºå‘å¸ƒè€…çš„æ™ºèƒ½æŒ‡é’ˆ
[27.322s]       |                                                                 [01;31m[K^~~~~~~~~~[m[K
[27.322s]       |                                                                 [32m[Krmw_publisher_t[m[K
[27.322s] [01m[K/home/yzh/æ¡Œé¢/project-ros/ros-study/chapt3/ws_topic/src/demo_cpp_topic/src/turtle_circle.cpp:24:14:[m[K [01;31m[Kerror: [m[Kvariable or field â€˜[01m[Ktimer_callback[m[Kâ€™ declared void
[27.323s]    24 |         void [01;31m[Ktimer_callback[m[K
[27.323s]       |              [01;31m[K^~~~~~~~~~~~~~[m[K
[27.323s] [01m[K/home/yzh/æ¡Œé¢/project-ros/ros-study/chapt3/ws_topic/src/demo_cpp_topic/src/turtle_circle.cpp:31:9:[m[K [01;31m[Kerror: [m[Kexpected â€˜[01m[K;[m[Kâ€™ at end of member declaration
[27.324s]    31 |         [01;31m[K}[m[K
[27.324s]       |         [01;31m[K^[m[K
[27.325s]       |          [32m[K;[m[K
[27.325s] [01m[K/home/yzh/æ¡Œé¢/project-ros/ros-study/chapt3/ws_topic/src/demo_cpp_topic/src/turtle_circle.cpp:32:2:[m[K [01;31m[Kerror: [m[Kexpected â€˜[01m[K;[m[Kâ€™ after class definition
[27.325s]    32 | }
[27.325s]       |  [01;31m[K^[m[K
[27.325s]       |  [32m[K;[m[K
[27.342s] [01m[K/home/yzh/æ¡Œé¢/project-ros/ros-study/chapt3/ws_topic/src/demo_cpp_topic/src/turtle_circle.cpp:[m[K In constructor â€˜[01m[KTurtleCircleNode::TurtleCircleNode(const string&)[m[Kâ€™:
[27.343s] [01m[K/home/yzh/æ¡Œé¢/project-ros/ros-study/chapt3/ws_topic/src/demo_cpp_topic/src/turtle_circle.cpp:19:13:[m[K [01;31m[Kerror: [m[Kâ€˜[01m[KPublisher_[m[Kâ€™ was not declared in this scope; did you mean â€˜[01m[Krmw_publisher_t[m[Kâ€™?
[27.343s]    19 |             [01;31m[KPublisher_[m[K = this->create_publisher<geometry_msgs::msg::Twist>("/turtle1/cmd_vel",10);
[27.343s]       |             [01;31m[K^~~~~~~~~~[m[K
[27.344s]       |             [32m[Krmw_publisher_t[m[K
[27.364s] [01m[K/home/yzh/æ¡Œé¢/project-ros/ros-study/chapt3/ws_topic/src/demo_cpp_topic/src/turtle_circle.cpp:19:49:[m[K [01;31m[Kerror: [m[Kâ€˜[01m[Kgeometry_msgs[m[Kâ€™ was not declared in this scope
[27.364s]    19 |             Publisher_ = this->create_publisher<[01;31m[Kgeometry_msgs[m[K::msg::Twist>("/turtle1/cmd_vel",10);
[27.364s]       |                                                 [01;31m[K^~~~~~~~~~~~~[m[K
[27.365s] [01m[K/home/yzh/æ¡Œé¢/project-ros/ros-study/chapt3/ws_topic/src/demo_cpp_topic/src/turtle_circle.cpp:19:32:[m[K [01;31m[Kerror: [m[Kparse error in template argument list
[27.365s]    19 |             Publisher_ = this->[01;31m[Kcreate_publisher<geometry_msgs::msg::Twist>[m[K("/turtle1/cmd_vel",10);
[27.365s]       |                                [01;31m[K^~~~~~~~~~~~~~~~~~~~~~~~~~~~~~~~~~~~~~~~~~~[m[K
[27.365s] [01m[K/home/yzh/æ¡Œé¢/project-ros/ros-study/chapt3/ws_topic/src/demo_cpp_topic/src/turtle_circle.cpp:19:75:[m[K [01;31m[Kerror: [m[Kno matching function for call to â€˜[01m[KTurtleCircleNode::create_publisher<<expression error> >(const char [17], int)[m[Kâ€™
[27.366s]    19 |             Publisher_ = [01;31m[Kthis->create_publisher<geometry_msgs::msg::Twist>("/turtle1/cmd_vel",10)[m[K;
[27.366s]       |                          [01;31m[K~~~~~~~~~~~~~~~~~~~~~~~~~~~~~~~~~~~~~~~~~~~~~~~~~^~~~~~~~~~~~~~~~~~~~~~~[m[K
[27.371s] In file included from [01m[K/opt/ros/humble/include/rclcpp/rclcpp/executors/single_threaded_executor.hpp:28[m[K,
[27.372s]                  from [01m[K/opt/ros/humble/include/rclcpp/rclcpp/executors.hpp:22[m[K,
[27.373s]                  from [01m[K/opt/ros/humble/include/rclcpp/rclcpp/rclcpp.hpp:155[m[K,
[27.373s]                  from [01m[K/home/yzh/æ¡Œé¢/project-ros/ros-study/chapt3/ws_topic/src/demo_cpp_topic/src/turtle_circle.cpp:2[m[K:
[27.373s] [01m[K/opt/ros/humble/include/rclcpp/rclcpp/node.hpp:195:3:[m[K [01;36m[Knote: [m[Kcandidate: â€˜[01m[Ktemplate<class MessageT, class AllocatorT, class PublisherT> std::shared_ptr<PublisherT> rclcpp::Node::create_publisher(const string&, const rclcpp::QoS&, const rclcpp::PublisherOptionsWithAllocator<AllocatorT>&)[m[Kâ€™
[27.374s]   195 |   [01;36m[Kcreate_publisher[m[K(
[27.374s]       |   [01;36m[K^~~~~~~~~~~~~~~~[m[K
[27.375s] [01m[K/opt/ros/humble/include/rclcpp/rclcpp/node.hpp:195:3:[m[K [01;36m[Knote: [m[K  template argument deduction/substitution failed:
[27.376s] [01m[K/home/yzh/æ¡Œé¢/project-ros/ros-study/chapt3/ws_topic/src/demo_cpp_topic/src/turtle_circle.cpp:19:75:[m[K [01;31m[Kerror: [m[Ktemplate argument 1 is invalid
[27.376s]    19 |             Publisher_ = [01;31m[Kthis->create_publisher<geometry_msgs::msg::Twist>("/turtle1/cmd_vel",10)[m[K;
[27.377s]       |                          [01;31m[K~~~~~~~~~~~~~~~~~~~~~~~~~~~~~~~~~~~~~~~~~~~~~~~~~^~~~~~~~~~~~~~~~~~~~~~~[m[K
[27.377s] [01m[K/home/yzh/æ¡Œé¢/project-ros/ros-study/chapt3/ws_topic/src/demo_cpp_topic/src/turtle_circle.cpp:21:82:[m[K [01;31m[Kerror: [m[Kâ€˜[01m[Ktimer_callback[m[Kâ€™ is not a member of â€˜[01m[KTurtleCircleNode[m[Kâ€™
[27.378s]    21 |             timer_ = this->create_wall_timer(1000ms,std::bind(&TurtleCircleNode::[01;31m[Ktimer_callback[m[K,this))
[27.378s]       |                                                                                  [01;31m[K^~~~~~~~~~~~~~[m[K
[29.828s] gmake[2]: *** [CMakeFiles/turtle_circle.dir/build.make:76ï¼šCMakeFiles/turtle_circle.dir/src/turtle_circle.cpp.o] é”™è¯¯ 1
[29.829s] gmake[1]: *** [CMakeFiles/Makefile2:137ï¼šCMakeFiles/turtle_circle.dir/all] é”™è¯¯ 2
[29.830s] gmake: *** [Makefile:146ï¼šall] é”™è¯¯ 2
[29.849s] Invoked command in '/home/yzh/æ¡Œé¢/project-ros/ros-study/chapt3/ws_topic/build/demo_cpp_topic' returned '2': CMAKE_PREFIX_PATH=/opt/ros/humble /usr/bin/cmake --build /home/yzh/æ¡Œé¢/project-ros/ros-study/chapt3/ws_topic/build/demo_cpp_topic -- -j16 -l16
