[0.073s] Invoking command in '/home/yzh/Ê°åÈù¢/project-ros/ros-study/chapt3/ws_topic/build/demo_cpp_topic': CMAKE_PREFIX_PATH=${CMAKE_PREFIX_PATH}:/opt/ros/humble /usr/bin/cmake --build /home/yzh/Ê°åÈù¢/project-ros/ros-study/chapt3/ws_topic/build/demo_cpp_topic -- -j16 -l16
[0.199s] -- Found ament_cmake: 1.3.12 (/opt/ros/humble/share/ament_cmake/cmake)
[0.790s] -- Found rclcpp: 16.0.16 (/opt/ros/humble/share/rclcpp/cmake)
[0.912s] -- Found rosidl_generator_c: 3.1.7 (/opt/ros/humble/share/rosidl_generator_c/cmake)
[0.925s] -- Found rosidl_adapter: 3.1.7 (/opt/ros/humble/share/rosidl_adapter/cmake)
[0.952s] -- Found rosidl_generator_cpp: 3.1.7 (/opt/ros/humble/share/rosidl_generator_cpp/cmake)
[0.995s] -- Using all available rosidl_typesupport_c: rosidl_typesupport_fastrtps_c;rosidl_typesupport_introspection_c
[1.050s] -- Using all available rosidl_typesupport_cpp: rosidl_typesupport_fastrtps_cpp;rosidl_typesupport_introspection_cpp
[1.185s] -- Found rmw_implementation_cmake: 6.1.2 (/opt/ros/humble/share/rmw_implementation_cmake/cmake)
[1.192s] -- Found rmw_fastrtps_cpp: 6.2.9 (/opt/ros/humble/share/rmw_fastrtps_cpp/cmake)
[1.607s] -- Using RMW implementation 'rmw_fastrtps_cpp' as default
[1.800s] -- Found geometry_msgs: 4.9.0 (/opt/ros/humble/share/geometry_msgs/cmake)
[1.847s] -- Found turtlesim: 1.4.3 (/opt/ros/humble/share/turtlesim/cmake)
[1.997s] -- Found ament_lint_auto: 0.12.14 (/opt/ros/humble/share/ament_lint_auto/cmake)
[2.347s] -- Added test 'cppcheck' to perform static code analysis on C / C++ code
[2.348s] -- Configured cppcheck include dirs: 
[2.348s] -- Configured cppcheck exclude dirs and/or files: 
[2.350s] -- Added test 'lint_cmake' to check CMake code style
[2.353s] -- Added test 'uncrustify' to check C / C++ code style
[2.353s] -- Configured uncrustify additional arguments: 
[2.354s] -- Added test 'xmllint' to check XML markup files
[2.357s] -- Configuring done
[2.412s] -- Generating done
[2.434s] -- Build files have been written to: /home/yzh/Ê°åÈù¢/project-ros/ros-study/chapt3/ws_topic/build/demo_cpp_topic
[2.589s] [35m[1mConsolidate compiler generated dependencies of target turtle_circle[0m
[2.665s] [ 25%] [32mBuilding CXX object CMakeFiles/learn_timer.dir/src/learn_timercallback.cpp.o[0m
[2.681s] [ 75%] Built target turtle_circle
[2.712s] [01m[K/home/yzh/Ê°åÈù¢/project-ros/ros-study/chapt3/ws_topic/src/demo_cpp_topic/src/learn_timercallback.cpp:1:10:[m[K [01;31m[Kfatal error: [m[Krclcpp/rclcpp.hpp: Ê≤°ÊúâÈÇ£‰∏™Êñá‰ª∂ÊàñÁõÆÂΩï
[2.712s]     1 | #include [01;31m[K"rclcpp/rclcpp.hpp"[m[K
[2.713s]       |          [01;31m[K^~~~~~~~~~~~~~~~~~~[m[K
[2.713s] compilation terminated.
[2.716s] gmake[2]: *** [CMakeFiles/learn_timer.dir/build.make:76ÔºöCMakeFiles/learn_timer.dir/src/learn_timercallback.cpp.o] ÈîôËØØ 1
[2.717s] gmake[1]: *** [CMakeFiles/Makefile2:165ÔºöCMakeFiles/learn_timer.dir/all] ÈîôËØØ 2
[2.718s] gmake: *** [Makefile:146Ôºöall] ÈîôËØØ 2
[2.727s] Invoked command in '/home/yzh/Ê°åÈù¢/project-ros/ros-study/chapt3/ws_topic/build/demo_cpp_topic' returned '2': CMAKE_PREFIX_PATH=${CMAKE_PREFIX_PATH}:/opt/ros/humble /usr/bin/cmake --build /home/yzh/Ê°åÈù¢/project-ros/ros-study/chapt3/ws_topic/build/demo_cpp_topic -- -j16 -l16
