[0.060s] Invoking command in '/home/yzh/chapt4/build/demo_cpp_service': CMAKE_PREFIX_PATH=/home/yzh/chapt4/install/chapt4_interfaces:/home/yzh/chapt4/install/demo_cpp_service:/opt/ros/humble /usr/bin/cmake --build /home/yzh/chapt4/build/demo_cpp_service -- -j16 -l16
[0.274s] [35m[1mConsolidate compiler generated dependencies of target partol_client[0m
[0.340s] [ 50%] Built target turtle_control
[0.356s] [ 75%] [32mBuilding CXX object CMakeFiles/partol_client.dir/src/Partol_Client.cpp.o[0m
[12.481s] [01m[K/home/yzh/chapt4/src/demo_cpp_service/src/Partol_Client.cpp:[m[K In member function â€˜[01m[Kvoid PartolClient::timer_callback()[m[Kâ€™:
[12.482s] [01m[K/home/yzh/chapt4/src/demo_cpp_service/src/Partol_Client.cpp:35:41:[m[K [01;31m[Kerror: [m[Kâ€˜[01m[KPartol[m[Kâ€™ was not declared in this scope; did you mean â€˜[01m[KPatrol[m[Kâ€™?
[12.482s]    35 |         auto request = std::make_shared<[01;31m[KPartol[m[K::Request>();
[12.483s]       |                                         [01;31m[K^~~~~~[m[K
[12.484s]       |                                         [32m[KPatrol[m[K
[12.484s] [01m[K/home/yzh/chapt4/src/demo_cpp_service/src/Partol_Client.cpp:35:29:[m[K [01;31m[Kerror: [m[Kparse error in template argument list
[12.484s]    35 |         auto request = std::[01;31m[Kmake_shared<Partol::Request>[m[K();
[12.484s]       |                             [01;31m[K^~~~~~~~~~~~~~~~~~~~~~~~~~~~[m[K
[12.484s] [01m[K/home/yzh/chapt4/src/demo_cpp_service/src/Partol_Client.cpp:35:57:[m[K [01;31m[Kerror: [m[Kno matching function for call to â€˜[01m[Kmake_shared<<expression error> >()[m[Kâ€™
[12.485s]    35 |         auto request = [01;31m[Kstd::make_shared<Partol::Request>()[m[K;
[12.485s]       |                        [01;31m[K~~~~~~~~~~~~~~~~~~~~~~~~~~~~~~~~~^~[m[K
[12.486s] In file included from [01m[K/usr/include/c++/11/memory:77[m[K,
[12.486s]                  from [01m[K/opt/ros/humble/include/rclcpp/rclcpp/rclcpp.hpp:153[m[K,
[12.486s]                  from [01m[K/home/yzh/chapt4/src/demo_cpp_service/src/Partol_Client.cpp:1[m[K:
[12.486s] [01m[K/usr/include/c++/11/bits/shared_ptr.h:875:5:[m[K [01;36m[Knote: [m[Kcandidate: â€˜[01m[Ktemplate<class _Tp, class ... _Args> std::shared_ptr<_Tp> std::make_shared(_Args&& ...)[m[Kâ€™
[12.487s]   875 |     [01;36m[Kmake_shared[m[K(_Args&&... __args)
[12.487s]       |     [01;36m[K^~~~~~~~~~~[m[K
[12.487s] [01m[K/usr/include/c++/11/bits/shared_ptr.h:875:5:[m[K [01;36m[Knote: [m[K  template argument deduction/substitution failed:
[12.487s] [01m[K/home/yzh/chapt4/src/demo_cpp_service/src/Partol_Client.cpp:35:57:[m[K [01;31m[Kerror: [m[Ktemplate argument 1 is invalid
[12.488s]    35 |         auto request = [01;31m[Kstd::make_shared<Partol::Request>()[m[K;
[12.488s]       |                        [01;31m[K~~~~~~~~~~~~~~~~~~~~~~~~~~~~~~~~~^~[m[K
[12.489s] [01m[K/home/yzh/chapt4/src/demo_cpp_service/src/Partol_Client.cpp:40:51:[m[K [01;31m[Kerror: [m[Kexpected â€˜[01m[K,[m[Kâ€™ or â€˜[01m[K...[m[Kâ€™ before â€˜[01m[Kresult_future[m[Kâ€™
[12.490s]    40 |             (rclcpp::Client<Partol>::SharedFuture [01;31m[Kresult_future[m[K) -> void {
[12.490s]       |                                                   [01;31m[K^~~~~~~~~~~~~[m[K
[12.518s] [01m[K/home/yzh/chapt4/src/demo_cpp_service/src/Partol_Client.cpp:[m[K In lambda function:
[12.518s] [01m[K/home/yzh/chapt4/src/demo_cpp_service/src/Partol_Client.cpp:41:34:[m[K [01;31m[Kerror: [m[Kâ€˜[01m[Kresult_future[m[Kâ€™ was not declared in this scope
[12.518s]    41 |                 auto response =  [01;31m[Kresult_future[m[K.get();
[12.518s]       |                                  [01;31m[K^~~~~~~~~~~~~[m[K
[12.519s] [01m[K/home/yzh/chapt4/src/demo_cpp_service/src/Partol_Client.cpp:42:40:[m[K [01;31m[Kerror: [m[Kâ€˜[01m[KPartol[m[Kâ€™ is not a class, namespace, or enumeration
[12.519s]    42 |                 if(response->result == [01;31m[KPartol[m[K::Response::SUCCESS){
[12.519s]       |                                        [01;31m[K^~~~~~[m[K
[12.520s] In file included from [01m[K/opt/ros/humble/include/rclcpp/rclcpp/client.hpp:40[m[K,
[12.520s]                  from [01m[K/opt/ros/humble/include/rclcpp/rclcpp/callback_group.hpp:24[m[K,
[12.520s]                  from [01m[K/opt/ros/humble/include/rclcpp/rclcpp/any_executable.hpp:20[m[K,
[12.520s]                  from [01m[K/opt/ros/humble/include/rclcpp/rclcpp/memory_strategy.hpp:25[m[K,
[12.520s]                  from [01m[K/opt/ros/humble/include/rclcpp/rclcpp/memory_strategies.hpp:18[m[K,
[12.521s]                  from [01m[K/opt/ros/humble/include/rclcpp/rclcpp/executor_options.hpp:20[m[K,
[12.521s]                  from [01m[K/opt/ros/humble/include/rclcpp/rclcpp/executor.hpp:37[m[K,
[12.521s]                  from [01m[K/opt/ros/humble/include/rclcpp/rclcpp/executors/multi_threaded_executor.hpp:25[m[K,
[12.521s]                  from [01m[K/opt/ros/humble/include/rclcpp/rclcpp/executors.hpp:21[m[K,
[12.522s]                  from [01m[K/opt/ros/humble/include/rclcpp/rclcpp/rclcpp.hpp:155[m[K,
[12.522s]                  from [01m[K/home/yzh/chapt4/src/demo_cpp_service/src/Partol_Client.cpp:1[m[K:
[12.522s] [01m[K/home/yzh/chapt4/src/demo_cpp_service/src/Partol_Client.cpp:43:39:[m[K [01;31m[Kerror: [m[Kâ€˜[01m[Kclass PartolClient[m[Kâ€™ has no member named â€˜[01m[Kgetlogger[m[Kâ€™; did you mean â€˜[01m[Kget_logger[m[Kâ€™?
[12.522s]    43 |                     RCLCPP_INFO(this->[01;31m[Kgetlogger[m[K(),"è¯·æ±‚å·¡é€»ç›®æ ‡ç‚¹æˆåŠŸ");
[12.522s]       |                                       [01;31m[K^~~~~~~~~[m[K
[12.523s] [01m[K/home/yzh/chapt4/src/demo_cpp_service/src/Partol_Client.cpp:43:39:[m[K [01;31m[Kerror: [m[Kâ€˜[01m[Kclass PartolClient[m[Kâ€™ has no member named â€˜[01m[Kgetlogger[m[Kâ€™; did you mean â€˜[01m[Kget_logger[m[Kâ€™?
[12.523s] [01m[K/home/yzh/chapt4/src/demo_cpp_service/src/Partol_Client.cpp:43:21:[m[K [01;31m[Kerror: [m[Ktemplate argument 1 is invalid
[12.523s]    43 |                     [01;31m[KRCLCPP_INFO[m[K(this->getlogger(),"è¯·æ±‚å·¡é€»ç›®æ ‡ç‚¹æˆåŠŸ");
[12.523s]       |                     [01;31m[K^~~~~~~~~~~[m[K
[12.523s] In file included from [01m[K/opt/ros/humble/include/rclcpp/rclcpp/logging.hpp:24[m[K,
[12.524s]                  from [01m[K/opt/ros/humble/include/rclcpp/rclcpp/client.hpp:40[m[K,
[12.524s]                  from [01m[K/opt/ros/humble/include/rclcpp/rclcpp/callback_group.hpp:24[m[K,
[12.524s]                  from [01m[K/opt/ros/humble/include/rclcpp/rclcpp/any_executable.hpp:20[m[K,
[12.524s]                  from [01m[K/opt/ros/humble/include/rclcpp/rclcpp/memory_strategy.hpp:25[m[K,
[12.524s]                  from [01m[K/opt/ros/humble/include/rclcpp/rclcpp/memory_strategies.hpp:18[m[K,
[12.525s]                  from [01m[K/opt/ros/humble/include/rclcpp/rclcpp/executor_options.hpp:20[m[K,
[12.526s]                  from [01m[K/opt/ros/humble/include/rclcpp/rclcpp/executor.hpp:37[m[K,
[12.526s]                  from [01m[K/opt/ros/humble/include/rclcpp/rclcpp/executors/multi_threaded_executor.hpp:25[m[K,
[12.527s]                  from [01m[K/opt/ros/humble/include/rclcpp/rclcpp/executors.hpp:21[m[K,
[12.528s]                  from [01m[K/opt/ros/humble/include/rclcpp/rclcpp/rclcpp.hpp:155[m[K,
[12.528s]                  from [01m[K/home/yzh/chapt4/src/demo_cpp_service/src/Partol_Client.cpp:1[m[K:
[12.528s] [01m[K/home/yzh/chapt4/src/demo_cpp_service/src/Partol_Client.cpp:43:39:[m[K [01;31m[Kerror: [m[Kâ€˜[01m[Kclass PartolClient[m[Kâ€™ has no member named â€˜[01m[Kgetlogger[m[Kâ€™; did you mean â€˜[01m[Kget_logger[m[Kâ€™?
[12.528s]    43 |                     RCLCPP_INFO(this->[01;31m[Kgetlogger[m[K(),"è¯·æ±‚å·¡é€»ç›®æ ‡ç‚¹æˆåŠŸ");
[12.529s]       |                                       [01;31m[K^~~~~~~~~[m[K
[12.529s] [01m[K/home/yzh/chapt4/src/demo_cpp_service/src/Partol_Client.cpp:43:39:[m[K [01;31m[Kerror: [m[Kâ€˜[01m[Kclass PartolClient[m[Kâ€™ has no member named â€˜[01m[Kgetlogger[m[Kâ€™; did you mean â€˜[01m[Kget_logger[m[Kâ€™?
[12.529s]    43 |                     RCLCPP_INFO(this->[01;31m[Kgetlogger[m[K(),"è¯·æ±‚å·¡é€»ç›®æ ‡ç‚¹æˆåŠŸ");
[12.529s]       |                                       [01;31m[K^~~~~~~~~[m[K
[12.530s] [01m[K/home/yzh/chapt4/src/demo_cpp_service/src/Partol_Client.cpp:44:43:[m[K [01;31m[Kerror: [m[Kâ€˜[01m[KPartol[m[Kâ€™ is not a class, namespace, or enumeration
[12.530s]    44 |                 }else(response->result == [01;31m[KPartol[m[K::Response::FAIL){
[12.530s]       |                                           [01;31m[K^~~~~~[m[K
[12.530s] [01m[K/home/yzh/chapt4/src/demo_cpp_service/src/Partol_Client.cpp:40:38:[m[K [01;35m[Kwarning: [m[Kunused parameter â€˜[01m[KSharedFuture[m[Kâ€™ [[01;35m[K]8;;https://gcc.gnu.org/onlinedocs/gcc/Warning-Options.html#index-Wunused-parameter-Wunused-parameter]8;;[m[K]
[12.530s]    40 |             ([01;35m[Krclcpp::Client<Partol>::SharedFuture[m[K result_future) -> void {
[12.531s]       |              [01;35m[K~~~~~~~~~~~~~~~~~~~~~~~~^~~~~~~~~~~~[m[K
[15.435s] gmake[2]: *** [CMakeFiles/partol_client.dir/build.make:76ï¼šCMakeFiles/partol_client.dir/src/Partol_Client.cpp.o] é”™è¯¯ 1
[15.437s] gmake[1]: *** [CMakeFiles/Makefile2:165ï¼šCMakeFiles/partol_client.dir/all] é”™è¯¯ 2
[15.438s] gmake: *** [Makefile:146ï¼šall] é”™è¯¯ 2
[15.457s] Invoked command in '/home/yzh/chapt4/build/demo_cpp_service' returned '2': CMAKE_PREFIX_PATH=/home/yzh/chapt4/install/chapt4_interfaces:/home/yzh/chapt4/install/demo_cpp_service:/opt/ros/humble /usr/bin/cmake --build /home/yzh/chapt4/build/demo_cpp_service -- -j16 -l16
