[01m[K/home/yzh/chapt4/src/demo_cpp_service/src/TurtleController.cpp:[m[K In constructor â€˜[01m[KTurtleController::TurtleController()[m[Kâ€™:
[01m[K/home/yzh/chapt4/src/demo_cpp_service/src/TurtleController.cpp:29:34:[m[K [01;31m[Kerror: [m[Kâ€˜[01m[Kk[m[Kâ€™ was not declared in this scope; did you mean â€˜[01m[Kk_[m[Kâ€™?
   29 |         this->get_parameter("k_",[01;31m[Kk[m[K);
      |                                  [01;31m[K^[m[K
      |                                  [32m[Kk_[m[K
[01m[K/home/yzh/chapt4/src/demo_cpp_service/src/TurtleController.cpp:30:42:[m[K [01;31m[Kerror: [m[Kâ€˜[01m[Kmax_speed[m[Kâ€™ was not declared in this scope; did you mean â€˜[01m[Kmax_speed_[m[Kâ€™?
   30 |         this->get_parameter("max_speed_",[01;31m[Kmax_speed[m[K);
      |                                          [01;31m[K^~~~~~~~~[m[K
      |                                          [32m[Kmax_speed_[m[K
gmake[2]: *** [CMakeFiles/turtle_control.dir/build.make:76ï¼šCMakeFiles/turtle_control.dir/src/TurtleController.cpp.o] é”™è¯¯ 1
gmake[1]: *** [CMakeFiles/Makefile2:139ï¼šCMakeFiles/turtle_control.dir/all] é”™è¯¯ 2
gmake: *** [Makefile:146ï¼šall] é”™è¯¯ 2
