[0.059s] Invoking command in '/home/yzh/chapt4/build/demo_cpp_service': CMAKE_PREFIX_PATH=/home/yzh/chapt4/install/chapt4_interfaces:/home/yzh/chapt4/install/demo_cpp_service:/opt/ros/humble /usr/bin/cmake --build /home/yzh/chapt4/build/demo_cpp_service -- -j16 -l16
[0.237s] [35m[1mConsolidate compiler generated dependencies of target patrol_client[0m
[0.276s] [ 25%] [32mBuilding CXX object CMakeFiles/turtle_control.dir/src/TurtleController.cpp.o[0m
[0.281s] [ 75%] Built target patrol_client
[11.804s] [01m[K/home/yzh/chapt4/src/demo_cpp_service/src/TurtleController.cpp:[m[K In constructor â€˜[01m[KTurtleController::TurtleController()[m[Kâ€™:
[11.805s] [01m[K/home/yzh/chapt4/src/demo_cpp_service/src/TurtleController.cpp:29:34:[m[K [01;31m[Kerror: [m[Kâ€˜[01m[Kk[m[Kâ€™ was not declared in this scope; did you mean â€˜[01m[Kk_[m[Kâ€™?
[11.805s]    29 |         this->get_parameter("k_",[01;31m[Kk[m[K);
[11.805s]       |                                  [01;31m[K^[m[K
[11.805s]       |                                  [32m[Kk_[m[K
[11.817s] [01m[K/home/yzh/chapt4/src/demo_cpp_service/src/TurtleController.cpp:30:42:[m[K [01;31m[Kerror: [m[Kâ€˜[01m[Kmax_speed[m[Kâ€™ was not declared in this scope; did you mean â€˜[01m[Kmax_speed_[m[Kâ€™?
[11.817s]    30 |         this->get_parameter("max_speed_",[01;31m[Kmax_speed[m[K);
[11.817s]       |                                          [01;31m[K^~~~~~~~~[m[K
[11.818s]       |                                          [32m[Kmax_speed_[m[K
[26.394s] gmake[2]: *** [CMakeFiles/turtle_control.dir/build.make:76ï¼šCMakeFiles/turtle_control.dir/src/TurtleController.cpp.o] é”™è¯¯ 1
[26.394s] gmake[1]: *** [CMakeFiles/Makefile2:139ï¼šCMakeFiles/turtle_control.dir/all] é”™è¯¯ 2
[26.396s] gmake: *** [Makefile:146ï¼šall] é”™è¯¯ 2
[26.412s] Invoked command in '/home/yzh/chapt4/build/demo_cpp_service' returned '2': CMAKE_PREFIX_PATH=/home/yzh/chapt4/install/chapt4_interfaces:/home/yzh/chapt4/install/demo_cpp_service:/opt/ros/humble /usr/bin/cmake --build /home/yzh/chapt4/build/demo_cpp_service -- -j16 -l16
