[35m[1mConsolidate compiler generated dependencies of target learn_timer[0m
[ 50%] Built target turtle_circle
[ 75%] [32mBuilding CXX object CMakeFiles/learn_timer.dir/src/learn_timercallback.cpp.o[0m
[01m[K/home/yzh/æ¡Œé¢/project-ros/ros-study/chapt3/ws_topic/src/demo_cpp_topic/src/learn_timercallback.cpp:12:53:[m[K [01;31m[Kerror: [m[Kexpected â€˜[01m[K;[m[Kâ€™ at end of member declaration
   12 |         SimpleTimerNode(const std::string &node_name[01;31m[K)[m[K::rclcpp::Node(node_name)
      |                                                     [01;31m[K^[m[K
      |                                                      [32m[K;[m[K
[01m[K/home/yzh/æ¡Œé¢/project-ros/ros-study/chapt3/ws_topic/src/demo_cpp_topic/src/learn_timercallback.cpp:12:68:[m[K [01;35m[Kwarning: [m[Kunnecessary parentheses in declaration of â€˜[01m[Knode_name[m[Kâ€™ [[01;35m[K]8;;https://gcc.gnu.org/onlinedocs/gcc/Warning-Options.html#index-Wparentheses-Wparentheses]8;;[m[K]
   12 |         SimpleTimerNode(const std::string &node_name)::rclcpp::Node[01;35m[K(node_name)[m[K
      |                                                                    [01;35m[K^~~~~~~~~~~[m[K
[01m[K/home/yzh/æ¡Œé¢/project-ros/ros-study/chapt3/ws_topic/src/demo_cpp_topic/src/learn_timercallback.cpp:12:68:[m[K [01;36m[Knote: [m[Kremove parentheses
   12 |         SimpleTimerNode(const std::string &node_name)::rclcpp::Node[01;36m[K(node_name)[m[K
      |                                                                    [01;36m[K^~~~~~~~~~~[m[K
      |                                                                    [31m[K-[m[K         [31m[K-[m[K
[01m[K/home/yzh/æ¡Œé¢/project-ros/ros-study/chapt3/ws_topic/src/demo_cpp_topic/src/learn_timercallback.cpp:14:25:[m[K [01;31m[Kerror: [m[Kâ€˜[01m[Kusing element_type = class rclcpp::TimerBase[m[Kâ€™ {aka â€˜[01m[Kclass rclcpp::TimerBase[m[Kâ€™} has no member named â€˜[01m[Kcreate_wall_timer[m[Kâ€™
   14 |                 timer_->[01;31m[Kcreate_wall_timer[m[K(1000ms,std::bind(&SimpleTimerNode::timer_callback,this));
      |                         [01;31m[K^~~~~~~~~~~~~~~~~[m[K
[01m[K/home/yzh/æ¡Œé¢/project-ros/ros-study/chapt3/ws_topic/src/demo_cpp_topic/src/learn_timercallback.cpp:14:99:[m[K [01;31m[Kerror: [m[Kexpected â€˜[01m[K}[m[Kâ€™ before â€˜[01m[K;[m[Kâ€™ token
   14 |                 timer_->create_wall_timer(1000ms,std::bind(&SimpleTimerNode::timer_callback,this))[01;31m[K;[m[K
      |                                                                                                   [01;31m[K^[m[K
[01m[K/home/yzh/æ¡Œé¢/project-ros/ros-study/chapt3/ws_topic/src/demo_cpp_topic/src/learn_timercallback.cpp:13:9:[m[K [01;36m[Knote: [m[Kto match this â€˜[01m[K{[m[Kâ€™
   13 |         [01;36m[K{[m[K
      |         [01;36m[K^[m[K
[01m[K/home/yzh/æ¡Œé¢/project-ros/ros-study/chapt3/ws_topic/src/demo_cpp_topic/src/learn_timercallback.cpp:14:99:[m[K [01;31m[Kerror: [m[Kcould not convert â€˜[01m[K{<expression error>}[m[Kâ€™ from â€˜[01m[K<brace-enclosed initializer list>[m[Kâ€™ to â€˜[01m[Krclcpp::Node[m[Kâ€™
   14 |                 timer_->create_wall_timer(1000ms,std::bind(&SimpleTimerNode::timer_callback,this))[01;31m[K;[m[K
      |                                                                                                   [01;31m[K^[m[K
      |                                                                                                   [01;31m[K|[m[K
      |                                                                                                   [01;31m[K<brace-enclosed initializer list>[m[K
[01m[K/home/yzh/æ¡Œé¢/project-ros/ros-study/chapt3/ws_topic/src/demo_cpp_topic/src/learn_timercallback.cpp:14:99:[m[K [01;31m[Kerror: [m[Kexpected â€˜[01m[K;[m[Kâ€™ before â€˜[01m[K;[m[Kâ€™ token
gmake[2]: *** [CMakeFiles/learn_timer.dir/build.make:76ï¼šCMakeFiles/learn_timer.dir/src/learn_timercallback.cpp.o] é”™è¯¯ 1
gmake[1]: *** [CMakeFiles/Makefile2:165ï¼šCMakeFiles/learn_timer.dir/all] é”™è¯¯ 2
gmake: *** [Makefile:146ï¼šall] é”™è¯¯ 2
