[0.061s] Invoking command in '/home/yzh/æ¡Œé¢/project-ros/ros-study/chapt3/ws_topic/build/demo_cpp_topic': CMAKE_PREFIX_PATH=/opt/ros/humble /usr/bin/cmake --build /home/yzh/æ¡Œé¢/project-ros/ros-study/chapt3/ws_topic/build/demo_cpp_topic -- -j16 -l16
[0.295s] [35m[1mConsolidate compiler generated dependencies of target turtle_circle[0m
[0.388s] [ 50%] [32mBuilding CXX object CMakeFiles/turtle_circle.dir/src/turtle_circle.cpp.o[0m
[11.279s] [01m[K/home/yzh/æ¡Œé¢/project-ros/ros-study/chapt3/ws_topic/src/demo_cpp_topic/src/turtle_circle.cpp:24:14:[m[K [01;31m[Kerror: [m[Kvariable or field â€˜[01m[Ktimer_callback[m[Kâ€™ declared void
[11.280s]    24 |         void [01;31m[Ktimer_callback[m[K
[11.280s]       |              [01;31m[K^~~~~~~~~~~~~~[m[K
[11.281s] [01m[K/home/yzh/æ¡Œé¢/project-ros/ros-study/chapt3/ws_topic/src/demo_cpp_topic/src/turtle_circle.cpp:32:2:[m[K [01;31m[Kerror: [m[Kexpected â€˜[01m[K;[m[Kâ€™ after class definition
[11.281s]    32 | }
[11.281s]       |  [01;31m[K^[m[K
[11.282s]       |  [32m[K;[m[K
[11.291s] [01m[K/home/yzh/æ¡Œé¢/project-ros/ros-study/chapt3/ws_topic/src/demo_cpp_topic/src/turtle_circle.cpp:[m[K In constructor â€˜[01m[KTurtleCircleNode::TurtleCircleNode(const string&)[m[Kâ€™:
[11.291s] [01m[K/home/yzh/æ¡Œé¢/project-ros/ros-study/chapt3/ws_topic/src/demo_cpp_topic/src/turtle_circle.cpp:21:82:[m[K [01;31m[Kerror: [m[Kâ€˜[01m[Ktimer_callback[m[Kâ€™ is not a member of â€˜[01m[KTurtleCircleNode[m[Kâ€™
[11.291s]    21 |             timer_ = this->create_wall_timer(1000ms,std::bind(&TurtleCircleNode::[01;31m[Ktimer_callback[m[K,this))
[11.292s]       |                                                                                  [01;31m[K^~~~~~~~~~~~~~[m[K
[16.224s] gmake[2]: *** [CMakeFiles/turtle_circle.dir/build.make:76ï¼šCMakeFiles/turtle_circle.dir/src/turtle_circle.cpp.o] é”™è¯¯ 1
[16.225s] gmake[1]: *** [CMakeFiles/Makefile2:137ï¼šCMakeFiles/turtle_circle.dir/all] é”™è¯¯ 2
[16.227s] gmake: *** [Makefile:146ï¼šall] é”™è¯¯ 2
[16.243s] Invoked command in '/home/yzh/æ¡Œé¢/project-ros/ros-study/chapt3/ws_topic/build/demo_cpp_topic' returned '2': CMAKE_PREFIX_PATH=/opt/ros/humble /usr/bin/cmake --build /home/yzh/æ¡Œé¢/project-ros/ros-study/chapt3/ws_topic/build/demo_cpp_topic -- -j16 -l16
