[01m[K/home/yzh/æ¡Œé¢/project-ros/ros-study/chapt3/ws_topic/src/demo_cpp_topic/src/learn_timercallback.cpp:1:10:[m[K [01;31m[Kfatal error: [m[Krclcpp/rclcpp.hpp: æ²¡æœ‰é‚£ä¸ªæ–‡ä»¶æˆ–ç›®å½•
    1 | #include [01;31m[K"rclcpp/rclcpp.hpp"[m[K
      |          [01;31m[K^~~~~~~~~~~~~~~~~~~[m[K
compilation terminated.
gmake[2]: *** [CMakeFiles/learn_timer.dir/build.make:76ï¼šCMakeFiles/learn_timer.dir/src/learn_timercallback.cpp.o] é”™è¯¯ 1
gmake[1]: *** [CMakeFiles/Makefile2:165ï¼šCMakeFiles/learn_timer.dir/all] é”™è¯¯ 2
gmake[1]: *** æ­£åœ¨ç­‰å¾…æœªå®Œæˆçš„ä»»åŠ¡....
gmake: *** [Makefile:146ï¼šall] é”™è¯¯ 2
