[01m[K/home/yzh/æ¡Œé¢/project-ros/ros-study/chapt3/ws_topic/src/demo_cpp_topic/src/learn_timercallback.cpp:11:53:[m[K [01;31m[Kerror: [m[Kexpected â€˜[01m[K;[m[Kâ€™ at end of member declaration
   11 |         SimpleTimerNode(const std::string &node_name[01;31m[K)[m[K::rclcpp::Node(const std::string & node_name)
      |                                                     [01;31m[K^[m[K
      |                                                      [32m[K;[m[K
[01m[K/home/yzh/æ¡Œé¢/project-ros/ros-study/chapt3/ws_topic/src/demo_cpp_topic/src/learn_timercallback.cpp:11:69:[m[K [01;31m[Kerror: [m[Kexpected unqualified-id before â€˜[01m[Kconst[m[Kâ€™
   11 |         SimpleTimerNode(const std::string &node_name)::rclcpp::Node([01;31m[Kconst[m[K std::string & node_name)
      |                                                                     [01;31m[K^~~~~[m[K
[01m[K/home/yzh/æ¡Œé¢/project-ros/ros-study/chapt3/ws_topic/src/demo_cpp_topic/src/learn_timercallback.cpp:11:69:[m[K [01;31m[Kerror: [m[Kexpected â€˜[01m[K)[m[Kâ€™ before â€˜[01m[Kconst[m[Kâ€™
   11 |         SimpleTimerNode(const std::string &node_name)::rclcpp::Node[34m[K([m[K[01;31m[Kc[m[K[32m[Konst[m[K std::string & node_name)
      |                                                                    [34m[K~[m[K[01;31m[K^[m[K[32m[K~~~~[m[K
      |                                                                     [32m[K)[m[K
gmake[2]: *** [CMakeFiles/learn_timer.dir/build.make:76ï¼šCMakeFiles/learn_timer.dir/src/learn_timercallback.cpp.o] é”™è¯¯ 1
gmake[1]: *** [CMakeFiles/Makefile2:165ï¼šCMakeFiles/learn_timer.dir/all] é”™è¯¯ 2
gmake: *** [Makefile:146ï¼šall] é”™è¯¯ 2
