-- Found ament_cmake: 1.3.12 (/opt/ros/humble/share/ament_cmake/cmake)
-- Found rclcpp: 16.0.16 (/opt/ros/humble/share/rclcpp/cmake)
-- Found rosidl_generator_c: 3.1.7 (/opt/ros/humble/share/rosidl_generator_c/cmake)
-- Found rosidl_adapter: 3.1.7 (/opt/ros/humble/share/rosidl_adapter/cmake)
-- Found rosidl_generator_cpp: 3.1.7 (/opt/ros/humble/share/rosidl_generator_cpp/cmake)
-- Using all available rosidl_typesupport_c: rosidl_typesupport_fastrtps_c;rosidl_typesupport_introspection_c
-- Using all available rosidl_typesupport_cpp: rosidl_typesupport_fastrtps_cpp;rosidl_typesupport_introspection_cpp
-- Found rmw_implementation_cmake: 6.1.2 (/opt/ros/humble/share/rmw_implementation_cmake/cmake)
-- Found rmw_fastrtps_cpp: 6.2.9 (/opt/ros/humble/share/rmw_fastrtps_cpp/cmake)
-- Using RMW implementation 'rmw_fastrtps_cpp' as default
-- Found geometry_msgs: 4.9.0 (/opt/ros/humble/share/geometry_msgs/cmake)
-- Found turtlesim: 1.4.3 (/opt/ros/humble/share/turtlesim/cmake)
-- Found ament_lint_auto: 0.12.14 (/opt/ros/humble/share/ament_lint_auto/cmake)
-- Added test 'cppcheck' to perform static code analysis on C / C++ code
-- Configured cppcheck include dirs: 
-- Configured cppcheck exclude dirs and/or files: 
-- Added test 'lint_cmake' to check CMake code style
-- Added test 'uncrustify' to check C / C++ code style
-- Configured uncrustify additional arguments: 
-- Added test 'xmllint' to check XML markup files
-- Configuring done
-- Generating done
-- Build files have been written to: /home/yzh/Ê°åÈù¢/project-ros/ros-study/chapt3/ws_topic/build/demo_cpp_topic
[35m[1mConsolidate compiler generated dependencies of target turtle_circle[0m
[ 25%] [32mBuilding CXX object CMakeFiles/learn_timer.dir/src/learn_timercallback.cpp.o[0m
[ 75%] Built target turtle_circle
[01m[K/home/yzh/Ê°åÈù¢/project-ros/ros-study/chapt3/ws_topic/src/demo_cpp_topic/src/learn_timercallback.cpp:11:53:[m[K [01;31m[Kerror: [m[Kexpected ‚Äò[01m[K;[m[K‚Äô at end of member declaration
   11 |         SimpleTimerNode(const std::string &node_name[01;31m[K)[m[K::rclcpp::Node(const std::string & node_name)
      |                                                     [01;31m[K^[m[K
      |                                                      [32m[K;[m[K
[01m[K/home/yzh/Ê°åÈù¢/project-ros/ros-study/chapt3/ws_topic/src/demo_cpp_topic/src/learn_timercallback.cpp:11:69:[m[K [01;31m[Kerror: [m[Kexpected unqualified-id before ‚Äò[01m[Kconst[m[K‚Äô
   11 |         SimpleTimerNode(const std::string &node_name)::rclcpp::Node([01;31m[Kconst[m[K std::string & node_name)
      |                                                                     [01;31m[K^~~~~[m[K
[01m[K/home/yzh/Ê°åÈù¢/project-ros/ros-study/chapt3/ws_topic/src/demo_cpp_topic/src/learn_timercallback.cpp:11:69:[m[K [01;31m[Kerror: [m[Kexpected ‚Äò[01m[K)[m[K‚Äô before ‚Äò[01m[Kconst[m[K‚Äô
   11 |         SimpleTimerNode(const std::string &node_name)::rclcpp::Node[34m[K([m[K[01;31m[Kc[m[K[32m[Konst[m[K std::string & node_name)
      |                                                                    [34m[K~[m[K[01;31m[K^[m[K[32m[K~~~~[m[K
      |                                                                     [32m[K)[m[K
gmake[2]: *** [CMakeFiles/learn_timer.dir/build.make:76ÔºöCMakeFiles/learn_timer.dir/src/learn_timercallback.cpp.o] ÈîôËØØ 1
gmake[1]: *** [CMakeFiles/Makefile2:165ÔºöCMakeFiles/learn_timer.dir/all] ÈîôËØØ 2
gmake: *** [Makefile:146Ôºöall] ÈîôËØØ 2
