[0.057s] Invoking command in '/home/yzh/Ê°åÈù¢/project-ros/ros-study/chapt3/ws_topic/build/demo_cpp_topic': CMAKE_PREFIX_PATH=${CMAKE_PREFIX_PATH}:/opt/ros/humble /usr/bin/cmake --build /home/yzh/Ê°åÈù¢/project-ros/ros-study/chapt3/ws_topic/build/demo_cpp_topic -- -j16 -l16
[0.184s] -- Found ament_cmake: 1.3.12 (/opt/ros/humble/share/ament_cmake/cmake)
[0.761s] -- Found rclcpp: 16.0.16 (/opt/ros/humble/share/rclcpp/cmake)
[0.885s] -- Found rosidl_generator_c: 3.1.7 (/opt/ros/humble/share/rosidl_generator_c/cmake)
[0.898s] -- Found rosidl_adapter: 3.1.7 (/opt/ros/humble/share/rosidl_adapter/cmake)
[0.927s] -- Found rosidl_generator_cpp: 3.1.7 (/opt/ros/humble/share/rosidl_generator_cpp/cmake)
[0.974s] -- Using all available rosidl_typesupport_c: rosidl_typesupport_fastrtps_c;rosidl_typesupport_introspection_c
[1.031s] -- Using all available rosidl_typesupport_cpp: rosidl_typesupport_fastrtps_cpp;rosidl_typesupport_introspection_cpp
[1.176s] -- Found rmw_implementation_cmake: 6.1.2 (/opt/ros/humble/share/rmw_implementation_cmake/cmake)
[1.179s] -- Found rmw_fastrtps_cpp: 6.2.9 (/opt/ros/humble/share/rmw_fastrtps_cpp/cmake)
[1.647s] -- Using RMW implementation 'rmw_fastrtps_cpp' as default
[1.869s] -- Found geometry_msgs: 4.9.0 (/opt/ros/humble/share/geometry_msgs/cmake)
[1.924s] -- Found turtlesim: 1.4.3 (/opt/ros/humble/share/turtlesim/cmake)
[2.080s] -- Found ament_lint_auto: 0.12.14 (/opt/ros/humble/share/ament_lint_auto/cmake)
[2.410s] -- Added test 'cppcheck' to perform static code analysis on C / C++ code
[2.411s] -- Configured cppcheck include dirs: 
[2.411s] -- Configured cppcheck exclude dirs and/or files: 
[2.413s] -- Added test 'lint_cmake' to check CMake code style
[2.416s] -- Added test 'uncrustify' to check C / C++ code style
[2.417s] -- Configured uncrustify additional arguments: 
[2.417s] -- Added test 'xmllint' to check XML markup files
[2.421s] -- Configuring done
[2.480s] -- Generating done
[2.506s] -- Build files have been written to: /home/yzh/Ê°åÈù¢/project-ros/ros-study/chapt3/ws_topic/build/demo_cpp_topic
[2.654s] [35m[1mConsolidate compiler generated dependencies of target turtle_circle[0m
[2.716s] [ 25%] [32mBuilding CXX object CMakeFiles/learn_timer.dir/src/learn_timercallback.cpp.o[0m
[2.749s] [ 75%] Built target turtle_circle
[15.218s] [01m[K/home/yzh/Ê°åÈù¢/project-ros/ros-study/chapt3/ws_topic/src/demo_cpp_topic/src/learn_timercallback.cpp:11:53:[m[K [01;31m[Kerror: [m[Kexpected ‚Äò[01m[K;[m[K‚Äô at end of member declaration
[15.219s]    11 |         SimpleTimerNode(const std::string &node_name[01;31m[K)[m[K::rclcpp::Node(const std::string & node_name)
[15.219s]       |                                                     [01;31m[K^[m[K
[15.219s]       |                                                      [32m[K;[m[K
[15.220s] [01m[K/home/yzh/Ê°åÈù¢/project-ros/ros-study/chapt3/ws_topic/src/demo_cpp_topic/src/learn_timercallback.cpp:11:69:[m[K [01;31m[Kerror: [m[Kexpected unqualified-id before ‚Äò[01m[Kconst[m[K‚Äô
[15.220s]    11 |         SimpleTimerNode(const std::string &node_name)::rclcpp::Node([01;31m[Kconst[m[K std::string & node_name)
[15.220s]       |                                                                     [01;31m[K^~~~~[m[K
[15.221s] [01m[K/home/yzh/Ê°åÈù¢/project-ros/ros-study/chapt3/ws_topic/src/demo_cpp_topic/src/learn_timercallback.cpp:11:69:[m[K [01;31m[Kerror: [m[Kexpected ‚Äò[01m[K)[m[K‚Äô before ‚Äò[01m[Kconst[m[K‚Äô
[15.221s]    11 |         SimpleTimerNode(const std::string &node_name)::rclcpp::Node[34m[K([m[K[01;31m[Kc[m[K[32m[Konst[m[K std::string & node_name)
[15.221s]       |                                                                    [34m[K~[m[K[01;31m[K^[m[K[32m[K~~~~[m[K
[15.222s]       |                                                                     [32m[K)[m[K
[17.266s] gmake[2]: *** [CMakeFiles/learn_timer.dir/build.make:76ÔºöCMakeFiles/learn_timer.dir/src/learn_timercallback.cpp.o] ÈîôËØØ 1
[17.267s] gmake[1]: *** [CMakeFiles/Makefile2:165ÔºöCMakeFiles/learn_timer.dir/all] ÈîôËØØ 2
[17.268s] gmake: *** [Makefile:146Ôºöall] ÈîôËØØ 2
[17.284s] Invoked command in '/home/yzh/Ê°åÈù¢/project-ros/ros-study/chapt3/ws_topic/build/demo_cpp_topic' returned '2': CMAKE_PREFIX_PATH=${CMAKE_PREFIX_PATH}:/opt/ros/humble /usr/bin/cmake --build /home/yzh/Ê°åÈù¢/project-ros/ros-study/chapt3/ws_topic/build/demo_cpp_topic -- -j16 -l16
