[0.053s] Invoking command in '/home/yzh/Ê°åÈù¢/project-ros/ros-study/chapt3/ws_topic/build/demo_cpp_topic': CMAKE_PREFIX_PATH=${CMAKE_PREFIX_PATH}:/opt/ros/humble /usr/bin/cmake --build /home/yzh/Ê°åÈù¢/project-ros/ros-study/chapt3/ws_topic/build/demo_cpp_topic -- -j16 -l16
[0.188s] -- Found ament_cmake: 1.3.12 (/opt/ros/humble/share/ament_cmake/cmake)
[0.812s] -- Found rclcpp: 16.0.16 (/opt/ros/humble/share/rclcpp/cmake)
[0.927s] -- Found rosidl_generator_c: 3.1.7 (/opt/ros/humble/share/rosidl_generator_c/cmake)
[0.937s] -- Found rosidl_adapter: 3.1.7 (/opt/ros/humble/share/rosidl_adapter/cmake)
[0.961s] -- Found rosidl_generator_cpp: 3.1.7 (/opt/ros/humble/share/rosidl_generator_cpp/cmake)
[0.999s] -- Using all available rosidl_typesupport_c: rosidl_typesupport_fastrtps_c;rosidl_typesupport_introspection_c
[1.049s] -- Using all available rosidl_typesupport_cpp: rosidl_typesupport_fastrtps_cpp;rosidl_typesupport_introspection_cpp
[1.170s] -- Found rmw_implementation_cmake: 6.1.2 (/opt/ros/humble/share/rmw_implementation_cmake/cmake)
[1.176s] -- Found rmw_fastrtps_cpp: 6.2.9 (/opt/ros/humble/share/rmw_fastrtps_cpp/cmake)
[1.585s] -- Using RMW implementation 'rmw_fastrtps_cpp' as default
[1.789s] -- Found geometry_msgs: 4.9.0 (/opt/ros/humble/share/geometry_msgs/cmake)
[1.849s] -- Found turtlesim: 1.4.3 (/opt/ros/humble/share/turtlesim/cmake)
[2.031s] -- Found ament_lint_auto: 0.12.14 (/opt/ros/humble/share/ament_lint_auto/cmake)
[2.392s] -- Added test 'cppcheck' to perform static code analysis on C / C++ code
[2.393s] -- Configured cppcheck include dirs: 
[2.393s] -- Configured cppcheck exclude dirs and/or files: 
[2.396s] -- Added test 'lint_cmake' to check CMake code style
[2.398s] -- Added test 'uncrustify' to check C / C++ code style
[2.399s] -- Configured uncrustify additional arguments: 
[2.401s] -- Added test 'xmllint' to check XML markup files
[2.403s] -- Configuring done
[2.459s] -- Generating done
[2.481s] -- Build files have been written to: /home/yzh/Ê°åÈù¢/project-ros/ros-study/chapt3/ws_topic/build/demo_cpp_topic
[2.628s] [35m[1mConsolidate compiler generated dependencies of target turtle_circle[0m
[2.693s] [ 25%] [32mBuilding CXX object CMakeFiles/learn_timer.dir/src/learn_timercallback.cpp.o[0m
[2.721s] [ 75%] Built target turtle_circle
[2.741s] [01m[K/home/yzh/Ê°åÈù¢/project-ros/ros-study/chapt3/ws_topic/src/demo_cpp_topic/src/learn_timercallback.cpp:1:10:[m[K [01;31m[Kfatal error: [m[Krclcpp/rclcpp.hpp: Ê≤°ÊúâÈÇ£‰∏™Êñá‰ª∂ÊàñÁõÆÂΩï
[2.742s]     1 | #include [01;31m[K"rclcpp/rclcpp.hpp"[m[K
[2.742s]       |          [01;31m[K^~~~~~~~~~~~~~~~~~~[m[K
[2.743s] compilation terminated.
[2.745s] gmake[2]: *** [CMakeFiles/learn_timer.dir/build.make:76ÔºöCMakeFiles/learn_timer.dir/src/learn_timercallback.cpp.o] ÈîôËØØ 1
[2.746s] gmake[1]: *** [CMakeFiles/Makefile2:165ÔºöCMakeFiles/learn_timer.dir/all] ÈîôËØØ 2
[2.746s] gmake: *** [Makefile:146Ôºöall] ÈîôËØØ 2
[2.756s] Invoked command in '/home/yzh/Ê°åÈù¢/project-ros/ros-study/chapt3/ws_topic/build/demo_cpp_topic' returned '2': CMAKE_PREFIX_PATH=${CMAKE_PREFIX_PATH}:/opt/ros/humble /usr/bin/cmake --build /home/yzh/Ê°åÈù¢/project-ros/ros-study/chapt3/ws_topic/build/demo_cpp_topic -- -j16 -l16
