[0.070s] Invoking command in '/home/yzh/æ¡Œé¢/project-ros/ros-study/chapt3/ws_topic/build/demo_cpp_topic': CMAKE_PREFIX_PATH=${CMAKE_PREFIX_PATH}:/opt/ros/humble /usr/bin/cmake --build /home/yzh/æ¡Œé¢/project-ros/ros-study/chapt3/ws_topic/build/demo_cpp_topic -- -j16 -l16
[0.233s] -- Found ament_cmake: 1.3.12 (/opt/ros/humble/share/ament_cmake/cmake)
[1.060s] -- Found rclcpp: 16.0.16 (/opt/ros/humble/share/rclcpp/cmake)
[1.218s] -- Found rosidl_generator_c: 3.1.7 (/opt/ros/humble/share/rosidl_generator_c/cmake)
[1.230s] -- Found rosidl_adapter: 3.1.7 (/opt/ros/humble/share/rosidl_adapter/cmake)
[1.256s] -- Found rosidl_generator_cpp: 3.1.7 (/opt/ros/humble/share/rosidl_generator_cpp/cmake)
[1.307s] -- Using all available rosidl_typesupport_c: rosidl_typesupport_fastrtps_c;rosidl_typesupport_introspection_c
[1.363s] -- Using all available rosidl_typesupport_cpp: rosidl_typesupport_fastrtps_cpp;rosidl_typesupport_introspection_cpp
[1.522s] -- Found rmw_implementation_cmake: 6.1.2 (/opt/ros/humble/share/rmw_implementation_cmake/cmake)
[1.529s] -- Found rmw_fastrtps_cpp: 6.2.9 (/opt/ros/humble/share/rmw_fastrtps_cpp/cmake)
[1.955s] -- Using RMW implementation 'rmw_fastrtps_cpp' as default
[2.159s] -- Found geometry_msgs: 4.9.0 (/opt/ros/humble/share/geometry_msgs/cmake)
[2.208s] -- Found turtlesim: 1.4.3 (/opt/ros/humble/share/turtlesim/cmake)
[2.382s] -- Found ament_lint_auto: 0.12.14 (/opt/ros/humble/share/ament_lint_auto/cmake)
[2.772s] -- Added test 'cppcheck' to perform static code analysis on C / C++ code
[2.772s] -- Configured cppcheck include dirs: 
[2.773s] -- Configured cppcheck exclude dirs and/or files: 
[2.776s] -- Added test 'lint_cmake' to check CMake code style
[2.780s] -- Added test 'uncrustify' to check C / C++ code style
[2.780s] -- Configured uncrustify additional arguments: 
[2.782s] -- Added test 'xmllint' to check XML markup files
[2.785s] -- Configuring done
[2.869s] -- Generating done
[2.902s] -- Build files have been written to: /home/yzh/æ¡Œé¢/project-ros/ros-study/chapt3/ws_topic/build/demo_cpp_topic
[3.050s] [35m[1mConsolidate compiler generated dependencies of target turtle_circle[0m
[3.052s] [35m[1mConsolidate compiler generated dependencies of target learn_timer[0m
[3.131s] [ 16%] [32mBuilding CXX object CMakeFiles/turtle_description.dir/src/turtle_description.cpp.o[0m
[3.158s] [ 50%] Built target learn_timer
[3.159s] [ 83%] Built target turtle_circle
[3.327s] [01m[K/home/yzh/æ¡Œé¢/project-ros/ros-study/chapt3/ws_topic/src/demo_cpp_topic/src/turtle_description.cpp:2:10:[m[K [01;31m[Kfatal error: [m[Krclcpp/rclcpp.hpp: æ²¡æœ‰é‚£ä¸ªæ–‡ä»¶æˆ–ç›®å½•
[3.328s]     2 | #include [01;31m[K"rclcpp/rclcpp.hpp"[m[K  //æ·»åŠ rclcppåº“
[3.328s]       |          [01;31m[K^~~~~~~~~~~~~~~~~~~[m[K
[3.328s] compilation terminated.
[3.332s] gmake[2]: *** [CMakeFiles/turtle_description.dir/build.make:76ï¼šCMakeFiles/turtle_description.dir/src/turtle_description.cpp.o] é”™è¯¯ 1
[3.333s] gmake[1]: *** [CMakeFiles/Makefile2:193ï¼šCMakeFiles/turtle_description.dir/all] é”™è¯¯ 2
[3.334s] gmake: *** [Makefile:146ï¼šall] é”™è¯¯ 2
[3.345s] Invoked command in '/home/yzh/æ¡Œé¢/project-ros/ros-study/chapt3/ws_topic/build/demo_cpp_topic' returned '2': CMAKE_PREFIX_PATH=${CMAKE_PREFIX_PATH}:/opt/ros/humble /usr/bin/cmake --build /home/yzh/æ¡Œé¢/project-ros/ros-study/chapt3/ws_topic/build/demo_cpp_topic -- -j16 -l16
