[35m[1mConsolidate compiler generated dependencies of target partol_client[0m
[ 50%] Built target turtle_control
[ 75%] [32mBuilding CXX object CMakeFiles/partol_client.dir/src/Partol_Client.cpp.o[0m
[01m[K/home/yzh/chapt4/src/demo_cpp_service/src/Partol_Client.cpp:[m[K In member function â€˜[01m[Kvoid PartolClient::timer_callback()[m[Kâ€™:
[01m[K/home/yzh/chapt4/src/demo_cpp_service/src/Partol_Client.cpp:35:41:[m[K [01;31m[Kerror: [m[Kâ€˜[01m[KPartol[m[Kâ€™ was not declared in this scope; did you mean â€˜[01m[KPatrol[m[Kâ€™?
   35 |         auto request = std::make_shared<[01;31m[KPartol[m[K::Request>();
      |                                         [01;31m[K^~~~~~[m[K
      |                                         [32m[KPatrol[m[K
[01m[K/home/yzh/chapt4/src/demo_cpp_service/src/Partol_Client.cpp:35:29:[m[K [01;31m[Kerror: [m[Kparse error in template argument list
   35 |         auto request = std::[01;31m[Kmake_shared<Partol::Request>[m[K();
      |                             [01;31m[K^~~~~~~~~~~~~~~~~~~~~~~~~~~~[m[K
[01m[K/home/yzh/chapt4/src/demo_cpp_service/src/Partol_Client.cpp:35:57:[m[K [01;31m[Kerror: [m[Kno matching function for call to â€˜[01m[Kmake_shared<<expression error> >()[m[Kâ€™
   35 |         auto request = [01;31m[Kstd::make_shared<Partol::Request>()[m[K;
      |                        [01;31m[K~~~~~~~~~~~~~~~~~~~~~~~~~~~~~~~~~^~[m[K
In file included from [01m[K/usr/include/c++/11/memory:77[m[K,
                 from [01m[K/opt/ros/humble/include/rclcpp/rclcpp/rclcpp.hpp:153[m[K,
                 from [01m[K/home/yzh/chapt4/src/demo_cpp_service/src/Partol_Client.cpp:1[m[K:
[01m[K/usr/include/c++/11/bits/shared_ptr.h:875:5:[m[K [01;36m[Knote: [m[Kcandidate: â€˜[01m[Ktemplate<class _Tp, class ... _Args> std::shared_ptr<_Tp> std::make_shared(_Args&& ...)[m[Kâ€™
  875 |     [01;36m[Kmake_shared[m[K(_Args&&... __args)
      |     [01;36m[K^~~~~~~~~~~[m[K
[01m[K/usr/include/c++/11/bits/shared_ptr.h:875:5:[m[K [01;36m[Knote: [m[K  template argument deduction/substitution failed:
[01m[K/home/yzh/chapt4/src/demo_cpp_service/src/Partol_Client.cpp:35:57:[m[K [01;31m[Kerror: [m[Ktemplate argument 1 is invalid
   35 |         auto request = [01;31m[Kstd::make_shared<Partol::Request>()[m[K;
      |                        [01;31m[K~~~~~~~~~~~~~~~~~~~~~~~~~~~~~~~~~^~[m[K
[01m[K/home/yzh/chapt4/src/demo_cpp_service/src/Partol_Client.cpp:40:51:[m[K [01;31m[Kerror: [m[Kexpected â€˜[01m[K,[m[Kâ€™ or â€˜[01m[K...[m[Kâ€™ before â€˜[01m[Kresult_future[m[Kâ€™
   40 |             (rclcpp::Client<Partol>::SharedFuture [01;31m[Kresult_future[m[K) -> void {
      |                                                   [01;31m[K^~~~~~~~~~~~~[m[K
[01m[K/home/yzh/chapt4/src/demo_cpp_service/src/Partol_Client.cpp:[m[K In lambda function:
[01m[K/home/yzh/chapt4/src/demo_cpp_service/src/Partol_Client.cpp:41:34:[m[K [01;31m[Kerror: [m[Kâ€˜[01m[Kresult_future[m[Kâ€™ was not declared in this scope
   41 |                 auto response =  [01;31m[Kresult_future[m[K.get();
      |                                  [01;31m[K^~~~~~~~~~~~~[m[K
[01m[K/home/yzh/chapt4/src/demo_cpp_service/src/Partol_Client.cpp:42:40:[m[K [01;31m[Kerror: [m[Kâ€˜[01m[KPartol[m[Kâ€™ is not a class, namespace, or enumeration
   42 |                 if(response->result == [01;31m[KPartol[m[K::Response::SUCCESS){
      |                                        [01;31m[K^~~~~~[m[K
[01m[K/home/yzh/chapt4/src/demo_cpp_service/src/Partol_Client.cpp:44:43:[m[K [01;31m[Kerror: [m[Kâ€˜[01m[KPartol[m[Kâ€™ is not a class, namespace, or enumeration
   44 |                 }else(response->result == [01;31m[KPartol[m[K::Response::FAIL){
      |                                           [01;31m[K^~~~~~[m[K
[01m[K/home/yzh/chapt4/src/demo_cpp_service/src/Partol_Client.cpp:40:38:[m[K [01;35m[Kwarning: [m[Kunused parameter â€˜[01m[KSharedFuture[m[Kâ€™ [[01;35m[K]8;;https://gcc.gnu.org/onlinedocs/gcc/Warning-Options.html#index-Wunused-parameter-Wunused-parameter]8;;[m[K]
   40 |             ([01;35m[Krclcpp::Client<Partol>::SharedFuture[m[K result_future) -> void {
      |              [01;35m[K~~~~~~~~~~~~~~~~~~~~~~~~^~~~~~~~~~~~[m[K
gmake[2]: *** [CMakeFiles/partol_client.dir/build.make:76ï¼šCMakeFiles/partol_client.dir/src/Partol_Client.cpp.o] é”™è¯¯ 1
gmake[1]: *** [CMakeFiles/Makefile2:165ï¼šCMakeFiles/partol_client.dir/all] é”™è¯¯ 2
gmake: *** [Makefile:146ï¼šall] é”™è¯¯ 2
