[35m[1mConsolidate compiler generated dependencies of target partol_client[0m
[ 50%] Built target turtle_control
[ 75%] [32mBuilding CXX object CMakeFiles/partol_client.dir/src/Partol_Client.cpp.o[0m
[01m[K/home/yzh/chapt4/src/demo_cpp_service/src/Partol_Client.cpp:[m[K In member function â€˜[01m[Kvoid PartolClient::timer_callback()[m[Kâ€™:
[01m[K/home/yzh/chapt4/src/demo_cpp_service/src/Partol_Client.cpp:40:29:[m[K [01;31m[Kerror: [m[Kâ€˜[01m[KPartol[m[Kâ€™ was not declared in this scope; did you mean â€˜[01m[KPatrol[m[Kâ€™?
   40 |             (rclcpp::Client<[01;31m[KPartol[m[K>::SharedFuture result_future) -> void{
      |                             [01;31m[K^~~~~~[m[K
      |                             [32m[KPatrol[m[K
[01m[K/home/yzh/chapt4/src/demo_cpp_service/src/Partol_Client.cpp:40:35:[m[K [01;31m[Kerror: [m[Ktemplate argument 1 is invalid
   40 |             (rclcpp::Client<Partol[01;31m[K>[m[K::SharedFuture result_future) -> void{
      |                                   [01;31m[K^[m[K
[01m[K/home/yzh/chapt4/src/demo_cpp_service/src/Partol_Client.cpp:40:51:[m[K [01;31m[Kerror: [m[Kexpected â€˜[01m[K,[m[Kâ€™ or â€˜[01m[K...[m[Kâ€™ before â€˜[01m[Kresult_future[m[Kâ€™
   40 |             (rclcpp::Client<Partol>::SharedFuture [01;31m[Kresult_future[m[K) -> void{
      |                                                   [01;31m[K^~~~~~~~~~~~~[m[K
[01m[K/home/yzh/chapt4/src/demo_cpp_service/src/Partol_Client.cpp:[m[K In lambda function:
[01m[K/home/yzh/chapt4/src/demo_cpp_service/src/Partol_Client.cpp:41:34:[m[K [01;31m[Kerror: [m[Kâ€˜[01m[Kresult_future[m[Kâ€™ was not declared in this scope
   41 |                 auto response =  [01;31m[Kresult_future[m[K.get();
      |                                  [01;31m[K^~~~~~~~~~~~~[m[K
[01m[K/home/yzh/chapt4/src/demo_cpp_service/src/Partol_Client.cpp:42:40:[m[K [01;31m[Kerror: [m[Kâ€˜[01m[KPartol[m[Kâ€™ has not been declared
   42 |                 if(response->result == [01;31m[KPartol[m[K::Response::SUCCESS){
      |                                        [01;31m[K^~~~~~[m[K
In file included from [01m[K/opt/ros/humble/include/rclcpp/rclcpp/client.hpp:40[m[K,
                 from [01m[K/opt/ros/humble/include/rclcpp/rclcpp/callback_group.hpp:24[m[K,
                 from [01m[K/opt/ros/humble/include/rclcpp/rclcpp/any_executable.hpp:20[m[K,
                 from [01m[K/opt/ros/humble/include/rclcpp/rclcpp/memory_strategy.hpp:25[m[K,
                 from [01m[K/opt/ros/humble/include/rclcpp/rclcpp/memory_strategies.hpp:18[m[K,
                 from [01m[K/opt/ros/humble/include/rclcpp/rclcpp/executor_options.hpp:20[m[K,
                 from [01m[K/opt/ros/humble/include/rclcpp/rclcpp/executor.hpp:37[m[K,
                 from [01m[K/opt/ros/humble/include/rclcpp/rclcpp/executors/multi_threaded_executor.hpp:25[m[K,
                 from [01m[K/opt/ros/humble/include/rclcpp/rclcpp/executors.hpp:21[m[K,
                 from [01m[K/opt/ros/humble/include/rclcpp/rclcpp/rclcpp.hpp:155[m[K,
                 from [01m[K/home/yzh/chapt4/src/demo_cpp_service/src/Partol_Client.cpp:1[m[K:
[01m[K/home/yzh/chapt4/src/demo_cpp_service/src/Partol_Client.cpp:43:39:[m[K [01;31m[Kerror: [m[Kâ€˜[01m[Kclass PartolClient[m[Kâ€™ has no member named â€˜[01m[Kgetlogger[m[Kâ€™; did you mean â€˜[01m[Kget_logger[m[Kâ€™?
   43 |                     RCLCPP_INFO(this->[01;31m[Kgetlogger[m[K(),"è¯·æ±‚å·¡é€»ç›®æ ‡ç‚¹æˆåŠŸ");
      |                                       [01;31m[K^~~~~~~~~[m[K
[01m[K/home/yzh/chapt4/src/demo_cpp_service/src/Partol_Client.cpp:43:39:[m[K [01;31m[Kerror: [m[Kâ€˜[01m[Kclass PartolClient[m[Kâ€™ has no member named â€˜[01m[Kgetlogger[m[Kâ€™; did you mean â€˜[01m[Kget_logger[m[Kâ€™?
[01m[K/home/yzh/chapt4/src/demo_cpp_service/src/Partol_Client.cpp:43:21:[m[K [01;31m[Kerror: [m[Ktemplate argument 1 is invalid
   43 |                     [01;31m[KRCLCPP_INFO[m[K(this->getlogger(),"è¯·æ±‚å·¡é€»ç›®æ ‡ç‚¹æˆåŠŸ");
      |                     [01;31m[K^~~~~~~~~~~[m[K
In file included from [01m[K/opt/ros/humble/include/rclcpp/rclcpp/logging.hpp:24[m[K,
                 from [01m[K/opt/ros/humble/include/rclcpp/rclcpp/client.hpp:40[m[K,
                 from [01m[K/opt/ros/humble/include/rclcpp/rclcpp/callback_group.hpp:24[m[K,
                 from [01m[K/opt/ros/humble/include/rclcpp/rclcpp/any_executable.hpp:20[m[K,
                 from [01m[K/opt/ros/humble/include/rclcpp/rclcpp/memory_strategy.hpp:25[m[K,
                 from [01m[K/opt/ros/humble/include/rclcpp/rclcpp/memory_strategies.hpp:18[m[K,
                 from [01m[K/opt/ros/humble/include/rclcpp/rclcpp/executor_options.hpp:20[m[K,
                 from [01m[K/opt/ros/humble/include/rclcpp/rclcpp/executor.hpp:37[m[K,
                 from [01m[K/opt/ros/humble/include/rclcpp/rclcpp/executors/multi_threaded_executor.hpp:25[m[K,
                 from [01m[K/opt/ros/humble/include/rclcpp/rclcpp/executors.hpp:21[m[K,
                 from [01m[K/opt/ros/humble/include/rclcpp/rclcpp/rclcpp.hpp:155[m[K,
                 from [01m[K/home/yzh/chapt4/src/demo_cpp_service/src/Partol_Client.cpp:1[m[K:
[01m[K/home/yzh/chapt4/src/demo_cpp_service/src/Partol_Client.cpp:43:39:[m[K [01;31m[Kerror: [m[Kâ€˜[01m[Kclass PartolClient[m[Kâ€™ has no member named â€˜[01m[Kgetlogger[m[Kâ€™; did you mean â€˜[01m[Kget_logger[m[Kâ€™?
   43 |                     RCLCPP_INFO(this->[01;31m[Kgetlogger[m[K(),"è¯·æ±‚å·¡é€»ç›®æ ‡ç‚¹æˆåŠŸ");
      |                                       [01;31m[K^~~~~~~~~[m[K
[01m[K/home/yzh/chapt4/src/demo_cpp_service/src/Partol_Client.cpp:43:39:[m[K [01;31m[Kerror: [m[Kâ€˜[01m[Kclass PartolClient[m[Kâ€™ has no member named â€˜[01m[Kgetlogger[m[Kâ€™; did you mean â€˜[01m[Kget_logger[m[Kâ€™?
   43 |                     RCLCPP_INFO(this->[01;31m[Kgetlogger[m[K(),"è¯·æ±‚å·¡é€»ç›®æ ‡ç‚¹æˆåŠŸ");
      |                                       [01;31m[K^~~~~~~~~[m[K
[01m[K/home/yzh/chapt4/src/demo_cpp_service/src/Partol_Client.cpp:44:43:[m[K [01;31m[Kerror: [m[Kâ€˜[01m[KPartol[m[Kâ€™ has not been declared
   44 |                 }else(response->result == [01;31m[KPartol[m[K::Response::FAIL){
      |                                           [01;31m[K^~~~~~[m[K
[01m[K/home/yzh/chapt4/src/demo_cpp_service/src/Partol_Client.cpp:40:38:[m[K [01;35m[Kwarning: [m[Kunused parameter â€˜[01m[KSharedFuture[m[Kâ€™ [[01;35m[K]8;;https://gcc.gnu.org/onlinedocs/gcc/Warning-Options.html#index-Wunused-parameter-Wunused-parameter]8;;[m[K]
   40 |             ([01;35m[Krclcpp::Client<Partol>::SharedFuture[m[K result_future) -> void{
      |              [01;35m[K~~~~~~~~~~~~~~~~~~~~~~~~^~~~~~~~~~~~[m[K
[01m[K/home/yzh/chapt4/src/demo_cpp_service/src/Partol_Client.cpp:[m[K In member function â€˜[01m[Kvoid PartolClient::timer_callback()[m[Kâ€™:
[01m[K/home/yzh/chapt4/src/demo_cpp_service/src/Partol_Client.cpp:39:49:[m[K [01;31m[Kerror: [m[Kno matching function for call to â€˜[01m[Krclcpp::Client<chapt4_interfaces::srv::Patrol>::async_send_request(std::shared_ptr<chapt4_interfaces::srv::Patrol_Request_<std::allocator<void> > >&, PartolClient::timer_callback()::<lambda(int)>)[m[Kâ€™
   39 |         [01;31m[Kthis->partol_client_->async_send_request(request,[&][m[K
      |         [01;31m[K~~~~~~~~~~~~~~~~~~~~~~~~~~~~~~~~~~~~~~~~^~~~~~~~~~~~[m[K
   40 | [01;31m[K            (rclcpp::Client<Partol>::SharedFuture result_future) -> void{[m[K
      |             [01;31m[K~~~~~~~~~~~~~~~~~~~~~~~~~~~~~~~~~~~~~~~~~~~~~~~~~~~~~~~~~~~~~[m[K
   41 | [01;31m[K                auto response =  result_future.get();[m[K
      |                 [01;31m[K~~~~~~~~~~~~~~~~~~~~~~~~~~~~~~~~~~~~~[m[K
   42 | [01;31m[K                if(response->result == Partol::Response::SUCCESS){[m[K
      |                 [01;31m[K~~~~~~~~~~~~~~~~~~~~~~~~~~~~~~~~~~~~~~~~~~~~~~~~~~[m[K
   43 | [01;31m[K                    RCLCPP_INFO(this->getlogger(),"è¯·æ±‚å·¡é€»ç›®æ ‡ç‚¹æˆåŠŸ");[m[K
      |                     [01;31m[K~~~~~~~~~~~~~~~~~~~~~~~~~~~~~~~~~~~~~~~~~~~~~~~~~~~~[m[K
   44 | [01;31m[K                }else(response->result == Partol::Response::FAIL){[m[K
      |                 [01;31m[K~~~~~~~~~~~~~~~~~~~~~~~~~~~~~~~~~~~~~~~~~~~~~~~~~~[m[K
   45 | [01;31m[K                    RCLCPP_INFO(this->getlogger(),"è¯·æ±‚å·¡é€»ç›®æ ‡ç‚¹å¤±è´¥");[m[K
      |                     [01;31m[K~~~~~~~~~~~~~~~~~~~~~~~~~~~~~~~~~~~~~~~~~~~~~~~~~~~~[m[K
   46 | [01;31m[K                }[m[K
      |                 [01;31m[K~[m[K                                
   47 | [01;31m[K            }[m[K
      |             [01;31m[K~[m[K                                    
   48 | [01;31m[K        )[m[K;
      |         [01;31m[K~[m[K                                        
In file included from [01m[K/opt/ros/humble/include/rclcpp/rclcpp/callback_group.hpp:24[m[K,
                 from [01m[K/opt/ros/humble/include/rclcpp/rclcpp/any_executable.hpp:20[m[K,
                 from [01m[K/opt/ros/humble/include/rclcpp/rclcpp/memory_strategy.hpp:25[m[K,
                 from [01m[K/opt/ros/humble/include/rclcpp/rclcpp/memory_strategies.hpp:18[m[K,
                 from [01m[K/opt/ros/humble/include/rclcpp/rclcpp/executor_options.hpp:20[m[K,
                 from [01m[K/opt/ros/humble/include/rclcpp/rclcpp/executor.hpp:37[m[K,
                 from [01m[K/opt/ros/humble/include/rclcpp/rclcpp/executors/multi_threaded_executor.hpp:25[m[K,
                 from [01m[K/opt/ros/humble/include/rclcpp/rclcpp/executors.hpp:21[m[K,
                 from [01m[K/opt/ros/humble/include/rclcpp/rclcpp/rclcpp.hpp:155[m[K,
                 from [01m[K/home/yzh/chapt4/src/demo_cpp_service/src/Partol_Client.cpp:1[m[K:
[01m[K/opt/ros/humble/include/rclcpp/rclcpp/client.hpp:643:3:[m[K [01;36m[Knote: [m[Kcandidate: â€˜[01m[Ktemplate<class CallbackT, typename std::enable_if<rclcpp::function_traits::same_arguments<CallbackT, std::function<void(std::shared_future<std::shared_ptr<chapt4_interfaces::srv::Patrol_Response_<std::allocator<void> > > >)> >::value, void>::type* <anonymous> > rclcpp::Client<ServiceT>::SharedFutureAndRequestId rclcpp::Client<ServiceT>::async_send_request(rclcpp::Client<ServiceT>::SharedRequest, CallbackT&&) [with CallbackT = CallbackT; typename std::enable_if<rclcpp::function_traits::same_arguments<CallbackT, std::function<void(std::shared_future<typename ServiceT::Response::SharedPtr>)> >::value>::type* <anonymous> = <anonymous>; ServiceT = chapt4_interfaces::srv::Patrol][m[Kâ€™
  643 |   [01;36m[Kasync_send_request[m[K(SharedRequest request, CallbackT && cb)
      |   [01;36m[K^~~~~~~~~~~~~~~~~~[m[K
[01m[K/opt/ros/humble/include/rclcpp/rclcpp/client.hpp:643:3:[m[K [01;36m[Knote: [m[K  template argument deduction/substitution failed:
[01m[K/opt/ros/humble/include/rclcpp/rclcpp/client.hpp:640:17:[m[K [01;31m[Kerror: [m[Kno type named â€˜[01m[Ktype[m[Kâ€™ in â€˜[01m[Kstruct std::enable_if<false, void>[m[Kâ€™
  640 |     >::type * = [01;31m[Knullptr[m[K
      |                 [01;31m[K^~~~~~~[m[K
[01m[K/opt/ros/humble/include/rclcpp/rclcpp/client.hpp:674:3:[m[K [01;36m[Knote: [m[Kcandidate: â€˜[01m[Ktemplate<class CallbackT, typename std::enable_if<rclcpp::function_traits::same_arguments<CallbackT, std::function<void(std::shared_future<std::pair<std::shared_ptr<chapt4_interfaces::srv::Patrol_Request_<std::allocator<void> > >, std::shared_ptr<chapt4_interfaces::srv::Patrol_Response_<std::allocator<void> > > > >)> >::value, void>::type* <anonymous> > rclcpp::Client<ServiceT>::SharedFutureWithRequestAndRequestId rclcpp::Client<ServiceT>::async_send_request(rclcpp::Client<ServiceT>::SharedRequest, CallbackT&&) [with CallbackT = CallbackT; typename std::enable_if<rclcpp::function_traits::same_arguments<CallbackT, std::function<void(std::shared_future<std::pair<typename ServiceT::Request::SharedPtr, typename ServiceT::Response::SharedPtr> >)> >::value>::type* <anonymous> = <anonymous>; ServiceT = chapt4_interfaces::srv::Patrol][m[Kâ€™
  674 |   [01;36m[Kasync_send_request[m[K(SharedRequest request, CallbackT && cb)
      |   [01;36m[K^~~~~~~~~~~~~~~~~~[m[K
[01m[K/opt/ros/humble/include/rclcpp/rclcpp/client.hpp:674:3:[m[K [01;36m[Knote: [m[K  template argument deduction/substitution failed:
[01m[K/opt/ros/humble/include/rclcpp/rclcpp/client.hpp:671:17:[m[K [01;31m[Kerror: [m[Kno type named â€˜[01m[Ktype[m[Kâ€™ in â€˜[01m[Kstruct std::enable_if<false, void>[m[Kâ€™
  671 |     >::type * = [01;31m[Knullptr[m[K
      |                 [01;31m[K^~~~~~~[m[K
[01m[K/opt/ros/humble/include/rclcpp/rclcpp/client.hpp:608:3:[m[K [01;36m[Knote: [m[Kcandidate: â€˜[01m[Krclcpp::Client<ServiceT>::FutureAndRequestId rclcpp::Client<ServiceT>::async_send_request(rclcpp::Client<ServiceT>::SharedRequest) [with ServiceT = chapt4_interfaces::srv::Patrol; rclcpp::Client<ServiceT>::SharedRequest = std::shared_ptr<chapt4_interfaces::srv::Patrol_Request_<std::allocator<void> > >][m[Kâ€™
  608 |   [01;36m[Kasync_send_request[m[K(SharedRequest request)
      |   [01;36m[K^~~~~~~~~~~~~~~~~~[m[K
[01m[K/opt/ros/humble/include/rclcpp/rclcpp/client.hpp:608:3:[m[K [01;36m[Knote: [m[K  candidate expects 1 argument, 2 provided
gmake[2]: *** [CMakeFiles/partol_client.dir/build.make:76ï¼šCMakeFiles/partol_client.dir/src/Partol_Client.cpp.o] é”™è¯¯ 1
gmake[1]: *** [CMakeFiles/Makefile2:165ï¼šCMakeFiles/partol_client.dir/all] é”™è¯¯ 2
gmake: *** [Makefile:146ï¼šall] é”™è¯¯ 2
