[35m[1mConsolidate compiler generated dependencies of target turtle_description[0m
[ 33%] Built target learn_timer
[ 66%] Built target turtle_circle
[ 83%] [32mBuilding CXX object CMakeFiles/turtle_description.dir/src/turtle_description.cpp.o[0m
[01m[K/home/yzh/æ¡Œé¢/project-ros/ros-study/chapt3/ws_topic/src/demo_cpp_topic/src/turtle_description.cpp:[m[K In member function â€˜[01m[Kvoid TurtleCircleNode::on_pose_received(turtlesim::msg::Pose_<std::allocator<void> >::SharedPtr)[m[Kâ€™:
[01m[K/home/yzh/æ¡Œé¢/project-ros/ros-study/chapt3/ws_topic/src/demo_cpp_topic/src/turtle_description.cpp:30:39:[m[K [01;31m[Kerror: [m[Kâ€˜[01m[Kusing element_type = struct turtlesim::msg::Pose_<std::allocator<void> >[m[Kâ€™ {aka â€˜[01m[Kstruct turtlesim::msg::Pose_<std::allocator<void> >[m[Kâ€™} has no member named â€˜[01m[Ky_[m[Kâ€™; did you mean â€˜[01m[Ky[m[Kâ€™?
   30 |             if(x_!=pose->x||y_!=pose->[01;31m[Ky_[m[K){
      |                                       [01;31m[K^~[m[K
      |                                       [32m[Ky[m[K
gmake[2]: *** [CMakeFiles/turtle_description.dir/build.make:76ï¼šCMakeFiles/turtle_description.dir/src/turtle_description.cpp.o] é”™è¯¯ 1
gmake[1]: *** [CMakeFiles/Makefile2:193ï¼šCMakeFiles/turtle_description.dir/all] é”™è¯¯ 2
gmake: *** [Makefile:146ï¼šall] é”™è¯¯ 2
