-- Found ament_cmake: 1.3.12 (/opt/ros/humble/share/ament_cmake/cmake)
-- Found chapt4_interfaces: 0.0.0 (/home/yzh/chapt4/install/chapt4_interfaces/share/chapt4_interfaces/cmake)
-- Found rosidl_generator_c: 3.1.7 (/opt/ros/humble/share/rosidl_generator_c/cmake)
-- Found rosidl_adapter: 3.1.7 (/opt/ros/humble/share/rosidl_adapter/cmake)
-- Found rosidl_generator_cpp: 3.1.7 (/opt/ros/humble/share/rosidl_generator_cpp/cmake)
-- Using all available rosidl_typesupport_c: rosidl_typesupport_fastrtps_c;rosidl_typesupport_introspection_c
-- Using all available rosidl_typesupport_cpp: rosidl_typesupport_fastrtps_cpp;rosidl_typesupport_introspection_cpp
-- Found rclcpp: 16.0.16 (/opt/ros/humble/share/rclcpp/cmake)
-- Found rmw_implementation_cmake: 6.1.2 (/opt/ros/humble/share/rmw_implementation_cmake/cmake)
-- Found rmw_fastrtps_cpp: 6.2.9 (/opt/ros/humble/share/rmw_fastrtps_cpp/cmake)
-- Using RMW implementation 'rmw_fastrtps_cpp' as default
-- Found turtlesim: 1.4.3 (/opt/ros/humble/share/turtlesim/cmake)
-- Found ament_lint_auto: 0.12.14 (/opt/ros/humble/share/ament_lint_auto/cmake)
-- Added test 'cppcheck' to perform static code analysis on C / C++ code
-- Configured cppcheck include dirs: 
-- Configured cppcheck exclude dirs and/or files: 
-- Added test 'lint_cmake' to check CMake code style
-- Added test 'uncrustify' to check C / C++ code style
-- Configured uncrustify additional arguments: 
-- Added test 'xmllint' to check XML markup files
-- Configuring done
-- Generating done
-- Build files have been written to: /home/yzh/chapt4/build/demo_cpp_service
[35m[1mConsolidate compiler generated dependencies of target turtle_control[0m
[ 25%] [32mBuilding CXX object CMakeFiles/partol_client.dir/src/Partol_Client.cpp.o[0m
[ 75%] Built target turtle_control
[01m[K/home/yzh/chapt4/src/demo_cpp_service/src/Partol_Client.cpp:5:46:[m[K [01;31m[Kerror: [m[Kexpected â€˜[01m[K;[m[Kâ€™ before â€˜[01m[Kusing[m[Kâ€™
    5 | using Patrol = chapt4_interfaces::srv::Patrol
      |                                              [01;31m[K^[m[K
      |                                              [32m[K;[m[K
    6 | [32m[Kusing[m[K namespace std::chrono_literals;
      | [32m[K~~~~~[m[K                                         
[01m[K/home/yzh/chapt4/src/demo_cpp_service/src/Partol_Client.cpp:12:20:[m[K [01;31m[Kerror: [m[Kâ€˜[01m[KPatrol[m[Kâ€™ was not declared in this scope; did you mean â€˜[01m[Kchapt4_interfaces::srv::Patrol[m[Kâ€™?
   12 |     rclcpp::Client<[01;31m[KPatrol[m[K>::SharedPtr partol_client_;
      |                    [01;31m[K^~~~~~[m[K
      |                    [32m[Kchapt4_interfaces::srv::Patrol[m[K
In file included from [01m[K/home/yzh/chapt4/install/chapt4_interfaces/include/chapt4_interfaces/chapt4_interfaces/srv/patrol.hpp:7[m[K,
                 from [01m[K/home/yzh/chapt4/src/demo_cpp_service/src/Partol_Client.cpp:2[m[K:
[01m[K/home/yzh/chapt4/install/chapt4_interfaces/include/chapt4_interfaces/chapt4_interfaces/srv/detail/patrol__struct.hpp:279:8:[m[K [01;36m[Knote: [m[Kâ€˜[01m[Kchapt4_interfaces::srv::Patrol[m[Kâ€™ declared here
  279 | struct [01;36m[KPatrol[m[K
      |        [01;36m[K^~~~~~[m[K
[01m[K/home/yzh/chapt4/src/demo_cpp_service/src/Partol_Client.cpp:12:26:[m[K [01;31m[Kerror: [m[Ktemplate argument 1 is invalid
   12 |     rclcpp::Client<Patrol[01;31m[K>[m[K::SharedPtr partol_client_;
      |                          [01;31m[K^[m[K
[01m[K/home/yzh/chapt4/src/demo_cpp_service/src/Partol_Client.cpp:12:29:[m[K [01;31m[Kerror: [m[Kexpected â€˜[01m[K;[m[Kâ€™ at end of member declaration
   12 |     rclcpp::Client<Patrol>::[01;31m[KSharedPtr[m[K partol_client_;
      |                             [01;31m[K^~~~~~~~~[m[K
      |                                      [32m[K;[m[K
[01m[K/home/yzh/chapt4/src/demo_cpp_service/src/Partol_Client.cpp:12:39:[m[K [01;31m[Kerror: [m[Kâ€˜[01m[Kpartol_client_[m[Kâ€™ does not name a type; did you mean â€˜[01m[KPartolClient[m[Kâ€™?
   12 |     rclcpp::Client<Patrol>::SharedPtr [01;31m[Kpartol_client_[m[K;
      |                                       [01;31m[K^~~~~~~~~~~~~~[m[K
      |                                       [32m[KPartolClient[m[K
[01m[K/home/yzh/chapt4/src/demo_cpp_service/src/Partol_Client.cpp:[m[K In constructor â€˜[01m[KPartolClient::PartolClient()[m[Kâ€™:
[01m[K/home/yzh/chapt4/src/demo_cpp_service/src/Partol_Client.cpp:17:9:[m[K [01;31m[Kerror: [m[Kâ€˜[01m[Kpartol_client_[m[Kâ€™ was not declared in this scope; did you mean â€˜[01m[KPartolClient[m[Kâ€™?
   17 |         [01;31m[Kpartol_client_[m[K = this->create_client<Partol>("patrol");
      |         [01;31m[K^~~~~~~~~~~~~~[m[K
      |         [32m[KPartolClient[m[K
[01m[K/home/yzh/chapt4/src/demo_cpp_service/src/Partol_Client.cpp:17:46:[m[K [01;31m[Kerror: [m[Kâ€˜[01m[KPartol[m[Kâ€™ was not declared in this scope; did you mean â€˜[01m[Kstrtol[m[Kâ€™?
   17 |         partol_client_ = this->create_client<[01;31m[KPartol[m[K>("patrol");
      |                                              [01;31m[K^~~~~~[m[K
      |                                              [32m[Kstrtol[m[K
[01m[K/home/yzh/chapt4/src/demo_cpp_service/src/Partol_Client.cpp:17:53:[m[K [01;31m[Kerror: [m[Kno matching function for call to â€˜[01m[KPartolClient::create_client<<expression error> >(const char [7])[m[Kâ€™
   17 |         partol_client_ = [01;31m[Kthis->create_client<Partol>("patrol")[m[K;
      |                          [01;31m[K~~~~~~~~~~~~~~~~~~~~~~~~~~~^~~~~~~~~~[m[K
In file included from [01m[K/opt/ros/humble/include/rclcpp/rclcpp/executors/single_threaded_executor.hpp:28[m[K,
                 from [01m[K/opt/ros/humble/include/rclcpp/rclcpp/executors.hpp:22[m[K,
                 from [01m[K/opt/ros/humble/include/rclcpp/rclcpp/rclcpp.hpp:155[m[K,
                 from [01m[K/home/yzh/chapt4/src/demo_cpp_service/src/Partol_Client.cpp:1[m[K:
[01m[K/opt/ros/humble/include/rclcpp/rclcpp/node.hpp:252:3:[m[K [01;36m[Knote: [m[Kcandidate: â€˜[01m[Ktemplate<class ServiceT> typename rclcpp::Client<ServiceT>::SharedPtr rclcpp::Node::create_client(const string&, const rmw_qos_profile_t&, rclcpp::CallbackGroup::SharedPtr)[m[Kâ€™
  252 |   [01;36m[Kcreate_client[m[K(
      |   [01;36m[K^~~~~~~~~~~~~[m[K
[01m[K/opt/ros/humble/include/rclcpp/rclcpp/node.hpp:252:3:[m[K [01;36m[Knote: [m[K  template argument deduction/substitution failed:
[01m[K/home/yzh/chapt4/src/demo_cpp_service/src/Partol_Client.cpp:17:53:[m[K [01;31m[Kerror: [m[Ktemplate argument 1 is invalid
   17 |         partol_client_ = [01;31m[Kthis->create_client<Partol>("patrol")[m[K;
      |                          [01;31m[K~~~~~~~~~~~~~~~~~~~~~~~~~~~^~~~~~~~~~[m[K
[01m[K/home/yzh/chapt4/src/demo_cpp_service/src/Partol_Client.cpp:19:42:[m[K [01;31m[Kerror: [m[Kunable to find numeric literal operator â€˜[01m[Koperator""s[m[Kâ€™
   19 |         timer_ = this->create_wall_timer([01;31m[K10s[m[K,std::bind(&PartolClient::timer_callback,this));
      |                                          [01;31m[K^~~[m[K
gmake[2]: *** [CMakeFiles/partol_client.dir/build.make:76ï¼šCMakeFiles/partol_client.dir/src/Partol_Client.cpp.o] é”™è¯¯ 1
gmake[1]: *** [CMakeFiles/Makefile2:165ï¼šCMakeFiles/partol_client.dir/all] é”™è¯¯ 2
gmake: *** [Makefile:146ï¼šall] é”™è¯¯ 2
