[0.061s] Invoking command in '/home/yzh/æ¡Œé¢/project-ros/ros-study/chapt3/ws_topic/build/demo_cpp_topic': CMAKE_PREFIX_PATH=${CMAKE_PREFIX_PATH}:/opt/ros/humble /usr/bin/cmake --build /home/yzh/æ¡Œé¢/project-ros/ros-study/chapt3/ws_topic/build/demo_cpp_topic -- -j16 -l16
[0.291s] [35m[1mConsolidate compiler generated dependencies of target learn_timer[0m
[0.366s] [ 50%] Built target turtle_circle
[0.381s] [ 75%] [32mBuilding CXX object CMakeFiles/learn_timer.dir/src/learn_timercallback.cpp.o[0m
[12.059s] [01m[K/home/yzh/æ¡Œé¢/project-ros/ros-study/chapt3/ws_topic/src/demo_cpp_topic/src/learn_timercallback.cpp:[m[K In constructor â€˜[01m[KSimpleTimerNode::SimpleTimerNode(const string&)[m[Kâ€™:
[12.060s] [01m[K/home/yzh/æ¡Œé¢/project-ros/ros-study/chapt3/ws_topic/src/demo_cpp_topic/src/learn_timercallback.cpp:14:25:[m[K [01;31m[Kerror: [m[Kâ€˜[01m[Kusing element_type = class rclcpp::TimerBase[m[Kâ€™ {aka â€˜[01m[Kclass rclcpp::TimerBase[m[Kâ€™} has no member named â€˜[01m[Kcreate_wall_timer[m[Kâ€™
[12.060s]    14 |                 timer_->[01;31m[Kcreate_wall_timer[m[K(1000ms,std::bind(&SimpleTimerNode::timer_callback,this));
[12.060s]       |                         [01;31m[K^~~~~~~~~~~~~~~~~[m[K
[14.054s] gmake[2]: *** [CMakeFiles/learn_timer.dir/build.make:76ï¼šCMakeFiles/learn_timer.dir/src/learn_timercallback.cpp.o] é”™è¯¯ 1
[14.056s] gmake[1]: *** [CMakeFiles/Makefile2:165ï¼šCMakeFiles/learn_timer.dir/all] é”™è¯¯ 2
[14.056s] gmake: *** [Makefile:146ï¼šall] é”™è¯¯ 2
[14.071s] Invoked command in '/home/yzh/æ¡Œé¢/project-ros/ros-study/chapt3/ws_topic/build/demo_cpp_topic' returned '2': CMAKE_PREFIX_PATH=${CMAKE_PREFIX_PATH}:/opt/ros/humble /usr/bin/cmake --build /home/yzh/æ¡Œé¢/project-ros/ros-study/chapt3/ws_topic/build/demo_cpp_topic -- -j16 -l16
