[0.057s] Invoking command in '/home/yzh/chapt4/build/demo_cpp_service': CMAKE_PREFIX_PATH=/home/yzh/chapt4/install/chapt4_interfaces:/home/yzh/chapt4/install/demo_cpp_service:/opt/ros/humble /usr/bin/cmake --build /home/yzh/chapt4/build/demo_cpp_service -- -j16 -l16
[0.243s] [35m[1mConsolidate compiler generated dependencies of target partol_client[0m
[0.298s] [ 50%] Built target turtle_control
[0.320s] [ 75%] [32mBuilding CXX object CMakeFiles/partol_client.dir/src/Partol_Client.cpp.o[0m
[11.556s] [01m[K/home/yzh/chapt4/src/demo_cpp_service/src/Partol_Client.cpp:[m[K In member function ‚Äò[01m[Kvoid PartolClient::timer_callback()[m[K‚Äô:
[11.556s] [01m[K/home/yzh/chapt4/src/demo_cpp_service/src/Partol_Client.cpp:36:17:[m[K [01;31m[Kerror: [m[K‚Äò[01m[Kclass std::shared_ptr<chapt4_interfaces::srv::Patrol_Request_<std::allocator<void> > >[m[K‚Äô has no member named ‚Äò[01m[Ktarget_x[m[K‚Äô
[11.557s]    36 |         request.[01;31m[Ktarget_x[m[K = rand()%12;
[11.557s]       |                 [01;31m[K^~~~~~~~[m[K
[11.557s] [01m[K/home/yzh/chapt4/src/demo_cpp_service/src/Partol_Client.cpp:37:17:[m[K [01;31m[Kerror: [m[K‚Äò[01m[Kclass std::shared_ptr<chapt4_interfaces::srv::Patrol_Request_<std::allocator<void> > >[m[K‚Äô has no member named ‚Äò[01m[Ktarget_y[m[K‚Äô
[11.557s]    37 |         request.[01;31m[Ktarget_y[m[K = rand()%12;
[11.557s]       |                 [01;31m[K^~~~~~~~[m[K
[11.558s] In file included from [01m[K/opt/ros/humble/include/rclcpp/rclcpp/logging.hpp:24[m[K,
[11.559s]                  from [01m[K/opt/ros/humble/include/rclcpp/rclcpp/client.hpp:40[m[K,
[11.559s]                  from [01m[K/opt/ros/humble/include/rclcpp/rclcpp/callback_group.hpp:24[m[K,
[11.559s]                  from [01m[K/opt/ros/humble/include/rclcpp/rclcpp/any_executable.hpp:20[m[K,
[11.559s]                  from [01m[K/opt/ros/humble/include/rclcpp/rclcpp/memory_strategy.hpp:25[m[K,
[11.560s]                  from [01m[K/opt/ros/humble/include/rclcpp/rclcpp/memory_strategies.hpp:18[m[K,
[11.560s]                  from [01m[K/opt/ros/humble/include/rclcpp/rclcpp/executor_options.hpp:20[m[K,
[11.560s]                  from [01m[K/opt/ros/humble/include/rclcpp/rclcpp/executor.hpp:37[m[K,
[11.560s]                  from [01m[K/opt/ros/humble/include/rclcpp/rclcpp/executors/multi_threaded_executor.hpp:25[m[K,
[11.561s]                  from [01m[K/opt/ros/humble/include/rclcpp/rclcpp/executors.hpp:21[m[K,
[11.561s]                  from [01m[K/opt/ros/humble/include/rclcpp/rclcpp/rclcpp.hpp:155[m[K,
[11.561s]                  from [01m[K/home/yzh/chapt4/src/demo_cpp_service/src/Partol_Client.cpp:1[m[K:
[11.561s] [01m[K/home/yzh/chapt4/src/demo_cpp_service/src/Partol_Client.cpp:38:90:[m[K [01;31m[Kerror: [m[K‚Äò[01m[Kclass std::shared_ptr<chapt4_interfaces::srv::Patrol_Request_<std::allocator<void> > >[m[K‚Äô has no member named ‚Äò[01m[Ktarget_x[m[K‚Äô
[11.562s]    38 |         RCLCPP_INFO(this->get_logger(),"ÈöèÊú∫ÁöÑÁõÆÊ†áÁÇπtarget_x = %d,target_y = %d",request.[01;31m[Ktarget_x[m[K,request.target_y);
[11.562s]       |                                                                                          [01;31m[K^~~~~~~~[m[K
[11.562s] [01m[K/home/yzh/chapt4/src/demo_cpp_service/src/Partol_Client.cpp:38:107:[m[K [01;31m[Kerror: [m[K‚Äò[01m[Kclass std::shared_ptr<chapt4_interfaces::srv::Patrol_Request_<std::allocator<void> > >[m[K‚Äô has no member named ‚Äò[01m[Ktarget_y[m[K‚Äô
[11.562s]    38 |         RCLCPP_INFO(this->get_logger(),"ÈöèÊú∫ÁöÑÁõÆÊ†áÁÇπtarget_x = %d,target_y = %d",request.target_x,request.[01;31m[Ktarget_y[m[K);
[11.563s]       |                                                                                                           [01;31m[K^~~~~~~~[m[K
[14.047s] gmake[2]: *** [CMakeFiles/partol_client.dir/build.make:76ÔºöCMakeFiles/partol_client.dir/src/Partol_Client.cpp.o] ÈîôËØØ 1
[14.048s] gmake[1]: *** [CMakeFiles/Makefile2:165ÔºöCMakeFiles/partol_client.dir/all] ÈîôËØØ 2
[14.049s] gmake: *** [Makefile:146Ôºöall] ÈîôËØØ 2
[14.060s] Invoked command in '/home/yzh/chapt4/build/demo_cpp_service' returned '2': CMAKE_PREFIX_PATH=/home/yzh/chapt4/install/chapt4_interfaces:/home/yzh/chapt4/install/demo_cpp_service:/opt/ros/humble /usr/bin/cmake --build /home/yzh/chapt4/build/demo_cpp_service -- -j16 -l16
