[01m[K/home/yzh/æ¡Œé¢/project-ros/ros-study/chapt2/ws_ros/src/pkg01_helloworld_cpp/src/person_node.cpp:[m[K In constructor â€˜[01m[KPersonNode::PersonNode(const string&, const string&, int)[m[Kâ€™:
[01m[K/home/yzh/æ¡Œé¢/project-ros/ros-study/chapt2/ws_ros/src/pkg01_helloworld_cpp/src/person_node.cpp:10:80:[m[K [01;35m[Kwarning: [m[Kunused parameter â€˜[01m[K_age[m[Kâ€™ [[01;35m[K]8;;https://gcc.gnu.org/onlinedocs/gcc/Warning-Options.html#index-Wunused-parameter-Wunused-parameter]8;;[m[K]
   10 |     PersonNode(const std::string &node_name,const std::string &_name,[01;35m[Kconst int _age[m[K):Node(node_name)
      |                                                                      [01;35m[K~~~~~~~~~~^~~~[m[K
In file included from [01m[K/opt/ros/humble/include/rclcpp/rclcpp/client.hpp:40[m[K,
                 from [01m[K/opt/ros/humble/include/rclcpp/rclcpp/callback_group.hpp:24[m[K,
                 from [01m[K/opt/ros/humble/include/rclcpp/rclcpp/any_executable.hpp:20[m[K,
                 from [01m[K/opt/ros/humble/include/rclcpp/rclcpp/memory_strategy.hpp:25[m[K,
                 from [01m[K/opt/ros/humble/include/rclcpp/rclcpp/memory_strategies.hpp:18[m[K,
                 from [01m[K/opt/ros/humble/include/rclcpp/rclcpp/executor_options.hpp:20[m[K,
                 from [01m[K/opt/ros/humble/include/rclcpp/rclcpp/executor.hpp:37[m[K,
                 from [01m[K/opt/ros/humble/include/rclcpp/rclcpp/executors/multi_threaded_executor.hpp:25[m[K,
                 from [01m[K/opt/ros/humble/include/rclcpp/rclcpp/executors.hpp:21[m[K,
                 from [01m[K/opt/ros/humble/include/rclcpp/rclcpp/rclcpp.hpp:155[m[K,
                 from [01m[K/home/yzh/æ¡Œé¢/project-ros/ros-study/chapt2/ws_ros/src/pkg01_helloworld_cpp/src/person_node.cpp:1[m[K:
[01m[K/home/yzh/æ¡Œé¢/project-ros/ros-study/chapt2/ws_ros/src/pkg01_helloworld_cpp/src/person_node.cpp:[m[K In function â€˜[01m[Kint main(int, char**)[m[Kâ€™:
[01m[K/home/yzh/æ¡Œé¢/project-ros/ros-study/chapt2/ws_ros/src/pkg01_helloworld_cpp/src/person_node.cpp:25:17:[m[K [01;31m[Kerror: [m[Kâ€˜[01m[Knode[m[Kâ€™ was not declared in this scope
   25 |     RCLCPP_INFO([01;31m[Knode[m[K->get_logger(),"c++");
      |                 [01;31m[K^~~~[m[K
[01m[K/home/yzh/æ¡Œé¢/project-ros/ros-study/chapt2/ws_ros/src/pkg01_helloworld_cpp/src/person_node.cpp:25:5:[m[K [01;31m[Kerror: [m[Ktemplate argument 1 is invalid
   25 |     [01;31m[KRCLCPP_INFO[m[K(node->get_logger(),"c++");
      |     [01;31m[K^~~~~~~~~~~[m[K
gmake[2]: *** [CMakeFiles/person_node.dir/build.make:76ï¼šCMakeFiles/person_node.dir/src/person_node.cpp.o] é”™è¯¯ 1
gmake[1]: *** [CMakeFiles/Makefile2:165ï¼šCMakeFiles/person_node.dir/all] é”™è¯¯ 2
gmake[1]: *** æ­£åœ¨ç­‰å¾…æœªå®Œæˆçš„ä»»åŠ¡....
gmake: *** [Makefile:146ï¼šall] é”™è¯¯ 2
